<?xml version="1.0" encoding="UTF-8" standalone="yes"?><!DOCTYPE report PUBLIC "-//JACOCO//DTD Report 1.1//EN" "report.dtd"><report name="GBIF Common"><sessioninfo id="jenkins-vh.gbif.org-430e9d70" start="1597657740769" dump="1597657741910"/><sessioninfo id="jenkins-vh.gbif.org-3f4f68dd" start="1597657742118" dump="1597657743030"/><sessioninfo id="jenkins-vh.gbif.org-4ef0feb8" start="1597657743219" dump="1597657743594"/><sessioninfo id="jenkins-vh.gbif.org-5a73af11" start="1597657743765" dump="1597657744207"/><sessioninfo id="jenkins-vh.gbif.org-cd0a64ff" start="1597657744462" dump="1597657745656"/><sessioninfo id="jenkins-vh.gbif.org-3b8743ca" start="1597657745889" dump="1597657748352"/><sessioninfo id="jenkins-vh.gbif.org-7877cf81" start="1597657748548" dump="1597657749112"/><sessioninfo id="jenkins-vh.gbif.org-3c5981c8" start="1597657749361" dump="1597657750501"/><sessioninfo id="jenkins-vh.gbif.org-99610076" start="1597657750682" dump="1597657751173"/><sessioninfo id="jenkins-vh.gbif.org-aae65ea5" start="1597657751419" dump="1597657752174"/><sessioninfo id="jenkins-vh.gbif.org-72e0436" start="1597657752408" dump="1597657752781"/><sessioninfo id="jenkins-vh.gbif.org-f8797daa" start="1597657752971" dump="1597657753375"/><sessioninfo id="jenkins-vh.gbif.org-7d6711a3" start="1597657753545" dump="1597657754203"/><sessioninfo id="jenkins-vh.gbif.org-f0322fb4" start="1597657754431" dump="1597657754812"/><sessioninfo id="jenkins-vh.gbif.org-7be36f38" start="1597657754985" dump="1597657755511"/><sessioninfo id="jenkins-vh.gbif.org-52403215" start="1597657755738" dump="1597657756352"/><sessioninfo id="jenkins-vh.gbif.org-fe8009cb" start="1597657756587" dump="1597657757059"/><sessioninfo id="jenkins-vh.gbif.org-7063a5dc" start="1597657757298" dump="1597657757669"/><sessioninfo id="jenkins-vh.gbif.org-a708bd60" start="1597657757850" dump="1597657759066"/><sessioninfo id="jenkins-vh.gbif.org-e1a82c7" start="1597657759286" dump="1597657759761"/><sessioninfo id="jenkins-vh.gbif.org-57f1a9e1" start="1597657759998" dump="1597657760626"/><package name="org/gbif/utils/file/properties"><class name="org/gbif/utils/file/properties/PropertiesUtil" sourcefilename="PropertiesUtil.java"><method name="loadProperties" desc="(Ljava/lang/String;)Ljava/util/Properties;" line="61"><counter type="INSTRUCTION" missed="39" covered="0"/><counter type="BRANCH" missed="2" covered="0"/><counter type="LINE" missed="9" covered="0"/><counter type="COMPLEXITY" missed="2" covered="0"/><counter type="METHOD" missed="1" covered="0"/></method><method name="readFromFile" desc="(Ljava/lang/String;)Ljava/util/Properties;" line="81"><counter type="INSTRUCTION" missed="49" covered="0"/><counter type="BRANCH" missed="4" covered="0"/><counter type="LINE" missed="11" covered="0"/><counter type="COMPLEXITY" missed="3" covered="0"/><counter type="METHOD" missed="1" covered="0"/></method><method name="propertyAsDouble" desc="(Ljava/util/Properties;Ljava/lang/String;ZLjava/lang/Double;)Ljava/lang/Double;" line="115"><counter type="INSTRUCTION" missed="43" covered="0"/><counter type="BRANCH" missed="4" covered="0"/><counter type="LINE" missed="8" covered="0"/><counter type="COMPLEXITY" missed="3" covered="0"/><counter type="METHOD" missed="1" covered="0"/></method><method name="propertyAsFloat" desc="(Ljava/util/Properties;Ljava/lang/String;ZLjava/lang/Float;)Ljava/lang/Float;" line="146"><counter type="INSTRUCTION" missed="43" covered="0"/><counter type="BRANCH" missed="4" covered="0"/><counter type="LINE" missed="8" covered="0"/><counter type="COMPLEXITY" missed="3" covered="0"/><counter type="METHOD" missed="1" covered="0"/></method><method name="propertyAsInt" desc="(Ljava/util/Properties;Ljava/lang/String;ZLjava/lang/Integer;)Ljava/lang/Integer;" line="177"><counter type="INSTRUCTION" missed="43" covered="0"/><counter type="BRANCH" missed="4" covered="0"/><counter type="LINE" missed="8" covered="0"/><counter type="COMPLEXITY" missed="3" covered="0"/><counter type="METHOD" missed="1" covered="0"/></method><method name="propertyAsBool" desc="(Ljava/util/Properties;Ljava/lang/String;Z)Z" line="206"><counter type="INSTRUCTION" missed="0" covered="13"/><counter type="BRANCH" missed="0" covered="2"/><counter type="LINE" missed="0" covered="2"/><counter type="COMPLEXITY" missed="0" covered="2"/><counter type="METHOD" missed="0" covered="1"/></method><method name="propertyAsUTF8Bytes" desc="(Ljava/util/Properties;Ljava/lang/String;Z[B)[B" line="224"><counter type="INSTRUCTION" missed="41" covered="0"/><counter type="BRANCH" missed="4" covered="0"/><counter type="LINE" missed="8" covered="0"/><counter type="COMPLEXITY" missed="3" covered="0"/><counter type="METHOD" missed="1" covered="0"/></method><method name="filterProperties" desc="(Ljava/util/Properties;Ljava/lang/String;)Ljava/util/Properties;" line="251"><counter type="INSTRUCTION" missed="0" covered="41"/><counter type="BRANCH" missed="0" covered="4"/><counter type="LINE" missed="0" covered="8"/><counter type="COMPLEXITY" missed="0" covered="3"/><counter type="METHOD" missed="0" covered="1"/></method><method name="subsetProperties" desc="(Ljava/util/Properties;Ljava/lang/String;)Ljava/util/Properties;" line="271"><counter type="INSTRUCTION" missed="0" covered="5"/><counter type="LINE" missed="0" covered="1"/><counter type="COMPLEXITY" missed="0" covered="1"/><counter type="METHOD" missed="0" covered="1"/></method><method name="removeProperties" desc="(Ljava/util/Properties;Ljava/lang/String;)Ljava/util/Properties;" line="282"><counter type="INSTRUCTION" missed="0" covered="5"/><counter type="LINE" missed="0" covered="1"/><counter type="COMPLEXITY" missed="0" covered="1"/><counter type="METHOD" missed="0" covered="1"/></method><method name="propertiesByPrefix" desc="(Ljava/util/Properties;Ljava/lang/String;Z)Ljava/util/Properties;" line="294"><counter type="INSTRUCTION" missed="0" covered="47"/><counter type="BRANCH" missed="0" covered="8"/><counter type="LINE" missed="0" covered="13"/><counter type="COMPLEXITY" missed="0" covered="5"/><counter type="METHOD" missed="0" covered="1"/></method><method name="&lt;clinit&gt;" desc="()V" line="44"><counter type="INSTRUCTION" missed="0" covered="3"/><counter type="LINE" missed="0" covered="1"/><counter type="COMPLEXITY" missed="0" covered="1"/><counter type="METHOD" missed="0" covered="1"/></method><counter type="INSTRUCTION" missed="258" covered="114"/><counter type="BRANCH" missed="22" covered="14"/><counter type="LINE" missed="52" covered="26"/><counter type="COMPLEXITY" missed="17" covered="13"/><counter type="METHOD" missed="6" covered="6"/><counter type="CLASS" missed="0" covered="1"/></class><sourcefile name="PropertiesUtil.java"><line nr="44" mi="0" ci="3" mb="0" cb="0"/><line nr="61" mi="4" ci="0" mb="0" cb="0"/><line nr="62" mi="2" ci="0" mb="0" cb="0"/><line nr="64" mi="5" ci="0" mb="0" cb="0"/><line nr="65" mi="3" ci="0" mb="2" cb="0"/><line nr="66" mi="10" ci="0" mb="0" cb="0"/><line nr="68" mi="3" ci="0" mb="0" cb="0"/><line nr="69" mi="8" ci="0" mb="0" cb="0"/><line nr="72" mi="2" ci="0" mb="0" cb="0"/><line nr="74" mi="2" ci="0" mb="0" cb="0"/><line nr="81" mi="3" ci="0" mb="2" cb="0"/><line nr="82" mi="5" ci="0" mb="0" cb="0"/><line nr="84" mi="5" ci="0" mb="0" cb="0"/><line nr="85" mi="3" ci="0" mb="2" cb="0"/><line nr="86" mi="12" ci="0" mb="0" cb="0"/><line nr="88" mi="4" ci="0" mb="0" cb="0"/><line nr="90" mi="2" ci="0" mb="0" cb="0"/><line nr="92" mi="8" ci="0" mb="0" cb="0"/><line nr="93" mi="3" ci="0" mb="0" cb="0"/><line nr="95" mi="2" ci="0" mb="0" cb="0"/><line nr="97" mi="2" ci="0" mb="0" cb="0"/><line nr="115" mi="4" ci="0" mb="0" cb="0"/><line nr="116" mi="2" ci="0" mb="2" cb="0"/><line nr="118" mi="4" ci="0" mb="0" cb="0"/><line nr="119" mi="1" ci="0" mb="0" cb="0"/><line nr="120" mi="16" ci="0" mb="0" cb="0"/><line nr="123" mi="2" ci="0" mb="2" cb="0"/><line nr="124" mi="12" ci="0" mb="0" cb="0"/><line nr="126" mi="2" ci="0" mb="0" cb="0"/><line nr="146" mi="4" ci="0" mb="0" cb="0"/><line nr="147" mi="2" ci="0" mb="2" cb="0"/><line nr="149" mi="4" ci="0" mb="0" cb="0"/><line nr="150" mi="1" ci="0" mb="0" cb="0"/><line nr="151" mi="16" ci="0" mb="0" cb="0"/><line nr="154" mi="2" ci="0" mb="2" cb="0"/><line nr="155" mi="12" ci="0" mb="0" cb="0"/><line nr="157" mi="2" ci="0" mb="0" cb="0"/><line nr="177" mi="4" ci="0" mb="0" cb="0"/><line nr="178" mi="2" ci="0" mb="2" cb="0"/><line nr="180" mi="4" ci="0" mb="0" cb="0"/><line nr="181" mi="1" ci="0" mb="0" cb="0"/><line nr="182" mi="16" ci="0" mb="0" cb="0"/><line nr="185" mi="2" ci="0" mb="2" cb="0"/><line nr="186" mi="12" ci="0" mb="0" cb="0"/><line nr="188" mi="2" ci="0" mb="0" cb="0"/><line nr="206" mi="0" ci="6" mb="0" cb="0"/><line nr="207" mi="0" ci="7" mb="0" cb="2"/><line nr="224" mi="4" ci="0" mb="0" cb="0"/><line nr="225" mi="2" ci="0" mb="2" cb="0"/><line nr="227" mi="4" ci="0" mb="0" cb="0"/><line nr="228" mi="1" ci="0" mb="0" cb="0"/><line nr="230" mi="14" ci="0" mb="0" cb="0"/><line nr="233" mi="2" ci="0" mb="2" cb="0"/><line nr="234" mi="12" ci="0" mb="0" cb="0"/><line nr="236" mi="2" ci="0" mb="0" cb="0"/><line nr="251" mi="0" ci="4" mb="0" cb="0"/><line nr="252" mi="0" ci="5" mb="0" cb="0"/><line nr="254" mi="0" ci="4" mb="0" cb="0"/><line nr="255" mi="0" ci="11" mb="0" cb="2"/><line nr="256" mi="0" ci="4" mb="0" cb="2"/><line nr="257" mi="0" ci="10" mb="0" cb="0"/><line nr="259" mi="0" ci="1" mb="0" cb="0"/><line nr="260" mi="0" ci="2" mb="0" cb="0"/><line nr="271" mi="0" ci="5" mb="0" cb="0"/><line nr="282" mi="0" ci="5" mb="0" cb="0"/><line nr="294" mi="0" ci="4" mb="0" cb="0"/><line nr="295" mi="0" ci="5" mb="0" cb="0"/><line nr="297" mi="0" ci="4" mb="0" cb="0"/><line nr="299" mi="0" ci="3" mb="0" cb="2"/><line nr="300" mi="0" ci="2" mb="0" cb="0"/><line nr="303" mi="0" ci="4" mb="0" cb="0"/><line nr="305" mi="0" ci="3" mb="0" cb="2"/><line nr="306" mi="0" ci="4" mb="0" cb="0"/><line nr="307" mi="0" ci="4" mb="0" cb="2"/><line nr="308" mi="0" ci="7" mb="0" cb="0"/><line nr="309" mi="0" ci="2" mb="0" cb="2"/><line nr="310" mi="0" ci="3" mb="0" cb="0"/><line nr="314" mi="0" ci="2" mb="0" cb="0"/><counter type="INSTRUCTION" missed="258" covered="114"/><counter type="BRANCH" missed="22" covered="14"/><counter type="LINE" missed="52" covered="26"/><counter type="COMPLEXITY" missed="17" covered="13"/><counter type="METHOD" missed="6" covered="6"/><counter type="CLASS" missed="0" covered="1"/></sourcefile><counter type="INSTRUCTION" missed="258" covered="114"/><counter type="BRANCH" missed="22" covered="14"/><counter type="LINE" missed="52" covered="26"/><counter type="COMPLEXITY" missed="17" covered="13"/><counter type="METHOD" missed="6" covered="6"/><counter type="CLASS" missed="0" covered="1"/></package><package name="org/gbif/utils/collection"><class name="org/gbif/utils/collection/MapUtils$1" sourcefilename="MapUtils.java"><method name="&lt;init&gt;" desc="()V" line="42"><counter type="INSTRUCTION" missed="0" covered="3"/><counter type="LINE" missed="0" covered="1"/><counter type="COMPLEXITY" missed="0" covered="1"/><counter type="METHOD" missed="0" covered="1"/></method><method name="compare" desc="(Ljava/util/Map$Entry;Ljava/util/Map$Entry;)I" line="44"><counter type="INSTRUCTION" missed="0" covered="7"/><counter type="LINE" missed="0" covered="1"/><counter type="COMPLEXITY" missed="0" covered="1"/><counter type="METHOD" missed="0" covered="1"/></method><counter type="INSTRUCTION" missed="0" covered="10"/><counter type="LINE" missed="0" covered="2"/><counter type="COMPLEXITY" missed="0" covered="2"/><counter type="METHOD" missed="0" covered="2"/><counter type="CLASS" missed="0" covered="1"/></class><class name="org/gbif/utils/collection/IterableUtils$1" sourcefilename="IterableUtils.java"><method name="&lt;init&gt;" desc="(Ljava/util/Iterator;)V" line="28"><counter type="INSTRUCTION" missed="0" covered="6"/><counter type="LINE" missed="0" covered="1"/><counter type="COMPLEXITY" missed="0" covered="1"/><counter type="METHOD" missed="0" covered="1"/></method><method name="iterator" desc="()Ljava/util/Iterator;" line="30"><counter type="INSTRUCTION" missed="0" covered="3"/><counter type="LINE" missed="0" covered="1"/><counter type="COMPLEXITY" missed="0" covered="1"/><counter type="METHOD" missed="0" covered="1"/></method><counter type="INSTRUCTION" missed="0" covered="9"/><counter type="LINE" missed="0" covered="2"/><counter type="COMPLEXITY" missed="0" covered="2"/><counter type="METHOD" missed="0" covered="2"/><counter type="CLASS" missed="0" covered="1"/></class><class name="org/gbif/utils/collection/MapUtils$2" sourcefilename="MapUtils.java"><method name="&lt;init&gt;" desc="(Ljava/util/Comparator;)V" line="59"><counter type="INSTRUCTION" missed="6" covered="0"/><counter type="LINE" missed="1" covered="0"/><counter type="COMPLEXITY" missed="1" covered="0"/><counter type="METHOD" missed="1" covered="0"/></method><method name="compare" desc="(Ljava/util/Map$Entry;Ljava/util/Map$Entry;)I" line="61"><counter type="INSTRUCTION" missed="8" covered="0"/><counter type="LINE" missed="1" covered="0"/><counter type="COMPLEXITY" missed="1" covered="0"/><counter type="METHOD" missed="1" covered="0"/></method><counter type="INSTRUCTION" missed="14" covered="0"/><counter type="LINE" missed="2" covered="0"/><counter type="COMPLEXITY" missed="2" covered="0"/><counter type="METHOD" missed="2" covered="0"/><counter type="CLASS" missed="1" covered="0"/></class><class name="org/gbif/utils/collection/CompactHashSet" sourcefilename="CompactHashSet.java"><method name="&lt;init&gt;" desc="()V" line="121"><counter type="INSTRUCTION" missed="18" covered="0"/><counter type="LINE" missed="6" covered="0"/><counter type="COMPLEXITY" missed="1" covered="0"/><counter type="METHOD" missed="1" covered="0"/></method><method name="&lt;init&gt;" desc="(Ljava/util/Collection;)V" line="135"><counter type="INSTRUCTION" missed="9" covered="0"/><counter type="LINE" missed="3" covered="0"/><counter type="COMPLEXITY" missed="1" covered="0"/><counter type="METHOD" missed="1" covered="0"/></method><method name="&lt;init&gt;" desc="(I)V" line="144"><counter type="INSTRUCTION" missed="22" covered="0"/><counter type="BRANCH" missed="2" covered="0"/><counter type="LINE" missed="6" covered="0"/><counter type="COMPLEXITY" missed="2" covered="0"/><counter type="METHOD" missed="1" covered="0"/></method><method name="add" desc="(Ljava/lang/Object;)Z" line="164"><counter type="INSTRUCTION" missed="148" covered="0"/><counter type="BRANCH" missed="20" covered="0"/><counter type="LINE" missed="27" covered="0"/><counter type="COMPLEXITY" missed="11" covered="0"/><counter type="METHOD" missed="1" covered="0"/></method><method name="clear" desc="()V" line="221"><counter type="INSTRUCTION" missed="29" covered="0"/><counter type="BRANCH" missed="2" covered="0"/><counter type="LINE" missed="6" covered="0"/><counter type="COMPLEXITY" missed="2" covered="0"/><counter type="METHOD" missed="1" covered="0"/></method><method name="contains" desc="(Ljava/lang/Object;)Z" line="238"><counter type="INSTRUCTION" missed="67" covered="0"/><counter type="BRANCH" missed="12" covered="0"/><counter type="LINE" missed="11" covered="0"/><counter type="COMPLEXITY" missed="7" covered="0"/><counter type="METHOD" missed="1" covered="0"/></method><method name="dump" desc="()V" line="263"><counter type="INSTRUCTION" missed="63" covered="0"/><counter type="BRANCH" missed="2" covered="0"/><counter type="LINE" missed="7" covered="0"/><counter type="COMPLEXITY" missed="2" covered="0"/><counter type="METHOD" missed="1" covered="0"/></method><method name="isEmpty" desc="()Z" line="277"><counter type="INSTRUCTION" missed="7" covered="0"/><counter type="BRANCH" missed="2" covered="0"/><counter type="LINE" missed="1" covered="0"/><counter type="COMPLEXITY" missed="2" covered="0"/><counter type="METHOD" missed="1" covered="0"/></method><method name="iterator" desc="()Ljava/util/Iterator;" line="290"><counter type="INSTRUCTION" missed="5" covered="0"/><counter type="LINE" missed="1" covered="0"/><counter type="COMPLEXITY" missed="1" covered="0"/><counter type="METHOD" missed="1" covered="0"/></method><method name="rehash" desc="(I)V" line="297"><counter type="INSTRUCTION" missed="76" covered="0"/><counter type="BRANCH" missed="10" covered="0"/><counter type="LINE" missed="18" covered="0"/><counter type="COMPLEXITY" missed="6" covered="0"/><counter type="METHOD" missed="1" covered="0"/></method><method name="remove" desc="(Ljava/lang/Object;)Z" line="332"><counter type="INSTRUCTION" missed="84" covered="0"/><counter type="BRANCH" missed="12" covered="0"/><counter type="LINE" missed="16" covered="0"/><counter type="COMPLEXITY" missed="7" covered="0"/><counter type="METHOD" missed="1" covered="0"/></method><method name="size" desc="()I" line="370"><counter type="INSTRUCTION" missed="3" covered="0"/><counter type="LINE" missed="1" covered="0"/><counter type="COMPLEXITY" missed="1" covered="0"/><counter type="METHOD" missed="1" covered="0"/></method><method name="toArray" desc="()[Ljava/lang/Object;" line="375"><counter type="INSTRUCTION" missed="42" covered="0"/><counter type="BRANCH" missed="8" covered="0"/><counter type="LINE" missed="7" covered="0"/><counter type="COMPLEXITY" missed="5" covered="0"/><counter type="METHOD" missed="1" covered="0"/></method><method name="toArray" desc="([Ljava/lang/Object;)[Ljava/lang/Object;" line="390"><counter type="INSTRUCTION" missed="53" covered="0"/><counter type="BRANCH" missed="10" covered="0"/><counter type="LINE" missed="9" covered="0"/><counter type="COMPLEXITY" missed="6" covered="0"/><counter type="METHOD" missed="1" covered="0"/></method><method name="&lt;clinit&gt;" desc="()V" line="104"><counter type="INSTRUCTION" missed="9" covered="0"/><counter type="LINE" missed="2" covered="0"/><counter type="COMPLEXITY" missed="1" covered="0"/><counter type="METHOD" missed="1" covered="0"/></method><counter type="INSTRUCTION" missed="635" covered="0"/><counter type="BRANCH" missed="80" covered="0"/><counter type="LINE" missed="121" covered="0"/><counter type="COMPLEXITY" missed="55" covered="0"/><counter type="METHOD" missed="15" covered="0"/><counter type="CLASS" missed="1" covered="0"/></class><class name="org/gbif/utils/collection/CompactHashSet$CompactHashIterator" sourcefilename="CompactHashSet.java"><method name="&lt;init&gt;" desc="(Lorg/gbif/utils/collection/CompactHashSet;)V" line="42"><counter type="INSTRUCTION" missed="42" covered="0"/><counter type="BRANCH" missed="6" covered="0"/><counter type="LINE" missed="5" covered="0"/><counter type="COMPLEXITY" missed="4" covered="0"/><counter type="METHOD" missed="1" covered="0"/></method><method name="hasNext" desc="()Z" line="58"><counter type="INSTRUCTION" missed="11" covered="0"/><counter type="BRANCH" missed="2" covered="0"/><counter type="LINE" missed="1" covered="0"/><counter type="COMPLEXITY" missed="2" covered="0"/><counter type="METHOD" missed="1" covered="0"/></method><method name="next" desc="()Ljava/lang/Object;" line="62"><counter type="INSTRUCTION" missed="79" covered="0"/><counter type="BRANCH" missed="12" covered="0"/><counter type="LINE" missed="11" covered="0"/><counter type="COMPLEXITY" missed="7" covered="0"/><counter type="METHOD" missed="1" covered="0"/></method><method name="remove" desc="()V" line="82"><counter type="INSTRUCTION" missed="64" covered="0"/><counter type="BRANCH" missed="10" covered="0"/><counter type="LINE" missed="10" covered="0"/><counter type="COMPLEXITY" missed="6" covered="0"/><counter type="METHOD" missed="1" covered="0"/></method><counter type="INSTRUCTION" missed="196" covered="0"/><counter type="BRANCH" missed="30" covered="0"/><counter type="LINE" missed="27" covered="0"/><counter type="COMPLEXITY" missed="19" covered="0"/><counter type="METHOD" missed="4" covered="0"/><counter type="CLASS" missed="1" covered="0"/></class><class name="org/gbif/utils/collection/MapUtils" sourcefilename="MapUtils.java"><method name="&lt;init&gt;" desc="()V" line="28"><counter type="INSTRUCTION" missed="7" covered="0"/><counter type="LINE" missed="2" covered="0"/><counter type="COMPLEXITY" missed="1" covered="0"/><counter type="METHOD" missed="1" covered="0"/></method><method name="sortByValue" desc="(Ljava/util/Map;)Ljava/util/Map;" line="42"><counter type="INSTRUCTION" missed="0" covered="6"/><counter type="LINE" missed="0" covered="1"/><counter type="COMPLEXITY" missed="0" covered="1"/><counter type="METHOD" missed="0" covered="1"/></method><method name="sortByValue" desc="(Ljava/util/Map;Ljava/util/Comparator;)Ljava/util/Map;" line="59"><counter type="INSTRUCTION" missed="7" covered="0"/><counter type="LINE" missed="1" covered="0"/><counter type="COMPLEXITY" missed="1" covered="0"/><counter type="METHOD" missed="1" covered="0"/></method><method name="sortByValueInternal" desc="(Ljava/util/Map;Ljava/util/Comparator;)Ljava/util/Map;" line="67"><counter type="INSTRUCTION" missed="0" covered="35"/><counter type="BRANCH" missed="0" covered="2"/><counter type="LINE" missed="0" covered="7"/><counter type="COMPLEXITY" missed="0" covered="2"/><counter type="METHOD" missed="0" covered="1"/></method><method name="getOrDefault" desc="(Ljava/util/Map;Ljava/lang/Object;Ljava/lang/Object;)Ljava/lang/Object;" line="82"><counter type="INSTRUCTION" missed="10" covered="0"/><counter type="BRANCH" missed="2" covered="0"/><counter type="LINE" missed="1" covered="0"/><counter type="COMPLEXITY" missed="2" covered="0"/><counter type="METHOD" missed="1" covered="0"/></method><counter type="INSTRUCTION" missed="24" covered="41"/><counter type="BRANCH" missed="2" covered="2"/><counter type="LINE" missed="4" covered="8"/><counter type="COMPLEXITY" missed="4" covered="3"/><counter type="METHOD" missed="3" covered="2"/><counter type="CLASS" missed="0" covered="1"/></class><class name="org/gbif/utils/collection/IterableUtils" sourcefilename="IterableUtils.java"><method name="&lt;init&gt;" desc="()V" line="21"><counter type="INSTRUCTION" missed="3" covered="0"/><counter type="LINE" missed="1" covered="0"/><counter type="COMPLEXITY" missed="1" covered="0"/><counter type="METHOD" missed="1" covered="0"/></method><method name="iterable" desc="(Ljava/util/Iterator;)Ljava/lang/Iterable;" line="28"><counter type="INSTRUCTION" missed="0" covered="5"/><counter type="LINE" missed="0" covered="1"/><counter type="COMPLEXITY" missed="0" covered="1"/><counter type="METHOD" missed="0" covered="1"/></method><counter type="INSTRUCTION" missed="3" covered="5"/><counter type="LINE" missed="1" covered="1"/><counter type="COMPLEXITY" missed="1" covered="1"/><counter type="METHOD" missed="1" covered="1"/><counter type="CLASS" missed="0" covered="1"/></class><class name="org/gbif/utils/collection/ArrayUtils" sourcefilename="ArrayUtils.java"><method name="arrayMerge" desc="([[Ljava/lang/Object;)[Ljava/lang/Object;" line="25"><counter type="INSTRUCTION" missed="66" covered="0"/><counter type="BRANCH" missed="4" covered="0"/><counter type="LINE" missed="9" covered="0"/><counter type="COMPLEXITY" missed="3" covered="0"/><counter type="METHOD" missed="1" covered="0"/></method><method name="arrayMerge" desc="([[B)[B" line="44"><counter type="INSTRUCTION" missed="58" covered="0"/><counter type="BRANCH" missed="4" covered="0"/><counter type="LINE" missed="9" covered="0"/><counter type="COMPLEXITY" missed="3" covered="0"/><counter type="METHOD" missed="1" covered="0"/></method><method name="intToByteArray" desc="(I)[B" line="62"><counter type="INSTRUCTION" missed="30" covered="0"/><counter type="BRANCH" missed="2" covered="0"/><counter type="LINE" missed="5" covered="0"/><counter type="COMPLEXITY" missed="2" covered="0"/><counter type="METHOD" missed="1" covered="0"/></method><method name="byteArrayToInt" desc="([B)I" line="71"><counter type="INSTRUCTION" missed="28" covered="0"/><counter type="LINE" missed="1" covered="0"/><counter type="COMPLEXITY" missed="1" covered="0"/><counter type="METHOD" missed="1" covered="0"/></method><method name="&lt;init&gt;" desc="()V" line="74"><counter type="INSTRUCTION" missed="7" covered="0"/><counter type="LINE" missed="2" covered="0"/><counter type="COMPLEXITY" missed="1" covered="0"/><counter type="METHOD" missed="1" covered="0"/></method><counter type="INSTRUCTION" missed="189" covered="0"/><counter type="BRANCH" missed="10" covered="0"/><counter type="LINE" missed="26" covered="0"/><counter type="COMPLEXITY" missed="10" covered="0"/><counter type="METHOD" missed="5" covered="0"/><counter type="CLASS" missed="1" covered="0"/></class><sourcefile name="ArrayUtils.java"><line nr="25" mi="2" ci="0" mb="0" cb="0"/><line nr="26" mi="16" ci="0" mb="2" cb="0"/><line nr="27" mi="5" ci="0" mb="0" cb="0"/><line nr="31" mi="11" ci="0" mb="0" cb="0"/><line nr="34" mi="2" ci="0" mb="0" cb="0"/><line nr="35" mi="16" ci="0" mb="2" cb="0"/><line nr="36" mi="7" ci="0" mb="0" cb="0"/><line nr="37" mi="5" ci="0" mb="0" cb="0"/><line nr="39" mi="2" ci="0" mb="0" cb="0"/><line nr="44" mi="2" ci="0" mb="0" cb="0"/><line nr="45" mi="16" ci="0" mb="2" cb="0"/><line nr="46" mi="5" ci="0" mb="0" cb="0"/><line nr="50" mi="3" ci="0" mb="0" cb="0"/><line nr="53" mi="2" ci="0" mb="0" cb="0"/><line nr="54" mi="16" ci="0" mb="2" cb="0"/><line nr="55" mi="7" ci="0" mb="0" cb="0"/><line nr="56" mi="5" ci="0" mb="0" cb="0"/><line nr="58" mi="2" ci="0" mb="0" cb="0"/><line nr="62" mi="3" ci="0" mb="0" cb="0"/><line nr="63" mi="7" ci="0" mb="2" cb="0"/><line nr="64" mi="9" ci="0" mb="0" cb="0"/><line nr="65" mi="9" ci="0" mb="0" cb="0"/><line nr="67" mi="2" ci="0" mb="0" cb="0"/><line nr="71" mi="28" ci="0" mb="0" cb="0"/><line nr="74" mi="2" ci="0" mb="0" cb="0"/><line nr="75" mi="5" ci="0" mb="0" cb="0"/><counter type="INSTRUCTION" missed="189" covered="0"/><counter type="BRANCH" missed="10" covered="0"/><counter type="LINE" missed="26" covered="0"/><counter type="COMPLEXITY" missed="10" covered="0"/><counter type="METHOD" missed="5" covered="0"/><counter type="CLASS" missed="1" covered="0"/></sourcefile><sourcefile name="CompactHashSet.java"><line nr="42" mi="3" ci="0" mb="0" cb="0"/><line nr="51" mi="5" ci="0" mb="0" cb="0"/><line nr="52" mi="29" ci="0" mb="6" cb="0"/><line nr="54" mi="4" ci="0" mb="0" cb="0"/><line nr="55" mi="1" ci="0" mb="0" cb="0"/><line nr="58" mi="11" ci="0" mb="2" cb="0"/><line nr="62" mi="6" ci="0" mb="2" cb="0"/><line nr="63" mi="4" ci="0" mb="0" cb="0"/><line nr="65" mi="5" ci="0" mb="0" cb="0"/><line nr="66" mi="4" ci="0" mb="2" cb="0"/><line nr="67" mi="3" ci="0" mb="0" cb="0"/><line nr="68" mi="4" ci="0" mb="0" cb="0"/><line nr="71" mi="4" ci="0" mb="0" cb="0"/><line nr="72" mi="32" ci="0" mb="6" cb="0"/><line nr="74" mi="8" ci="0" mb="2" cb="0"/><line nr="75" mi="2" ci="0" mb="0" cb="0"/><line nr="77" mi="7" ci="0" mb="0" cb="0"/><line nr="82" mi="6" ci="0" mb="2" cb="0"/><line nr="83" mi="4" ci="0" mb="0" cb="0"/><line nr="85" mi="8" ci="0" mb="4" cb="0"/><line nr="86" mi="4" ci="0" mb="0" cb="0"/><line nr="89" mi="15" ci="0" mb="4" cb="0"/><line nr="90" mi="7" ci="0" mb="0" cb="0"/><line nr="91" mi="7" ci="0" mb="0" cb="0"/><line nr="92" mi="7" ci="0" mb="0" cb="0"/><line nr="93" mi="5" ci="0" mb="0" cb="0"/><line nr="95" mi="1" ci="0" mb="0" cb="0"/><line nr="104" mi="4" ci="0" mb="0" cb="0"/><line nr="111" mi="5" ci="0" mb="0" cb="0"/><line nr="121" mi="2" ci="0" mb="0" cb="0"/><line nr="122" mi="4" ci="0" mb="0" cb="0"/><line nr="123" mi="3" ci="0" mb="0" cb="0"/><line nr="124" mi="5" ci="0" mb="0" cb="0"/><line nr="125" mi="3" ci="0" mb="0" cb="0"/><line nr="126" mi="1" ci="0" mb="0" cb="0"/><line nr="135" mi="4" ci="0" mb="0" cb="0"/><line nr="136" mi="4" ci="0" mb="0" cb="0"/><line nr="137" mi="1" ci="0" mb="0" cb="0"/><line nr="144" mi="2" ci="0" mb="0" cb="0"/><line nr="147" mi="8" ci="0" mb="2" cb="0"/><line nr="148" mi="3" ci="0" mb="0" cb="0"/><line nr="149" mi="5" ci="0" mb="0" cb="0"/><line nr="150" mi="3" ci="0" mb="0" cb="0"/><line nr="151" mi="1" ci="0" mb="0" cb="0"/><line nr="164" mi="2" ci="0" mb="0" cb="0"/><line nr="165" mi="2" ci="0" mb="2" cb="0"/><line nr="166" mi="2" ci="0" mb="0" cb="0"/><line nr="169" mi="3" ci="0" mb="0" cb="0"/><line nr="170" mi="8" ci="0" mb="0" cb="0"/><line nr="171" mi="2" ci="0" mb="0" cb="0"/><line nr="172" mi="2" ci="0" mb="0" cb="0"/><line nr="175" mi="19" ci="0" mb="6" cb="0"/><line nr="179" mi="6" ci="0" mb="2" cb="0"/><line nr="180" mi="2" ci="0" mb="0" cb="0"/><line nr="183" mi="10" ci="0" mb="0" cb="0"/><line nr="184" mi="6" ci="0" mb="0" cb="0"/><line nr="186" mi="3" ci="0" mb="2" cb="0"/><line nr="187" mi="3" ci="0" mb="0" cb="0"/><line nr="191" mi="5" ci="0" mb="2" cb="0"/><line nr="192" mi="3" ci="0" mb="2" cb="0"/><line nr="193" mi="3" ci="0" mb="0" cb="0"/><line nr="195" mi="6" ci="0" mb="0" cb="0"/><line nr="198" mi="6" ci="0" mb="0" cb="0"/><line nr="199" mi="6" ci="0" mb="0" cb="0"/><line nr="200" mi="5" ci="0" mb="0" cb="0"/><line nr="203" mi="13" ci="0" mb="2" cb="0"/><line nr="204" mi="5" ci="0" mb="0" cb="0"/><line nr="206" mi="13" ci="0" mb="2" cb="0"/><line nr="207" mi="9" ci="0" mb="0" cb="0"/><line nr="210" mi="2" ci="0" mb="0" cb="0"/><line nr="212" mi="2" ci="0" mb="0" cb="0"/><line nr="221" mi="3" ci="0" mb="0" cb="0"/><line nr="222" mi="9" ci="0" mb="2" cb="0"/><line nr="223" mi="5" ci="0" mb="0" cb="0"/><line nr="225" mi="5" ci="0" mb="0" cb="0"/><line nr="226" mi="6" ci="0" mb="0" cb="0"/><line nr="227" mi="1" ci="0" mb="0" cb="0"/><line nr="238" mi="2" ci="0" mb="2" cb="0"/><line nr="239" mi="2" ci="0" mb="0" cb="0"/><line nr="242" mi="3" ci="0" mb="0" cb="0"/><line nr="243" mi="8" ci="0" mb="0" cb="0"/><line nr="244" mi="2" ci="0" mb="0" cb="0"/><line nr="247" mi="19" ci="0" mb="6" cb="0"/><line nr="248" mi="10" ci="0" mb="0" cb="0"/><line nr="249" mi="6" ci="0" mb="0" cb="0"/><line nr="251" mi="3" ci="0" mb="2" cb="0"/><line nr="252" mi="3" ci="0" mb="0" cb="0"/><line nr="256" mi="9" ci="0" mb="2" cb="0"/><line nr="263" mi="12" ci="0" mb="0" cb="0"/><line nr="264" mi="11" ci="0" mb="0" cb="0"/><line nr="265" mi="11" ci="0" mb="0" cb="0"/><line nr="266" mi="2" ci="0" mb="0" cb="0"/><line nr="267" mi="9" ci="0" mb="2" cb="0"/><line nr="268" mi="17" ci="0" mb="0" cb="0"/><line nr="270" mi="1" ci="0" mb="0" cb="0"/><line nr="277" mi="7" ci="0" mb="2" cb="0"/><line nr="290" mi="5" ci="0" mb="0" cb="0"/><line nr="297" mi="4" ci="0" mb="0" cb="0"/><line nr="298" mi="3" ci="0" mb="0" cb="0"/><line nr="300" mi="7" ci="0" mb="2" cb="0"/><line nr="301" mi="5" ci="0" mb="0" cb="0"/><line nr="302" mi="5" ci="0" mb="4" cb="0"/><line nr="303" mi="1" ci="0" mb="0" cb="0"/><line nr="306" mi="3" ci="0" mb="0" cb="0"/><line nr="307" mi="6" ci="0" mb="0" cb="0"/><line nr="308" mi="2" ci="0" mb="0" cb="0"/><line nr="311" mi="4" ci="0" mb="2" cb="0"/><line nr="312" mi="8" ci="0" mb="0" cb="0"/><line nr="313" mi="6" ci="0" mb="0" cb="0"/><line nr="315" mi="3" ci="0" mb="2" cb="0"/><line nr="316" mi="3" ci="0" mb="0" cb="0"/><line nr="320" mi="4" ci="0" mb="0" cb="0"/><line nr="323" mi="3" ci="0" mb="0" cb="0"/><line nr="324" mi="8" ci="0" mb="0" cb="0"/><line nr="325" mi="1" ci="0" mb="0" cb="0"/><line nr="332" mi="2" ci="0" mb="2" cb="0"/><line nr="333" mi="2" ci="0" mb="0" cb="0"/><line nr="336" mi="3" ci="0" mb="0" cb="0"/><line nr="337" mi="8" ci="0" mb="0" cb="0"/><line nr="338" mi="2" ci="0" mb="0" cb="0"/><line nr="341" mi="19" ci="0" mb="6" cb="0"/><line nr="342" mi="10" ci="0" mb="0" cb="0"/><line nr="343" mi="6" ci="0" mb="0" cb="0"/><line nr="345" mi="3" ci="0" mb="2" cb="0"/><line nr="346" mi="3" ci="0" mb="0" cb="0"/><line nr="351" mi="5" ci="0" mb="2" cb="0"/><line nr="353" mi="5" ci="0" mb="0" cb="0"/><line nr="354" mi="6" ci="0" mb="0" cb="0"/><line nr="355" mi="6" ci="0" mb="0" cb="0"/><line nr="356" mi="2" ci="0" mb="0" cb="0"/><line nr="359" mi="2" ci="0" mb="0" cb="0"/><line nr="370" mi="3" ci="0" mb="0" cb="0"/><line nr="375" mi="4" ci="0" mb="0" cb="0"/><line nr="376" mi="3" ci="0" mb="0" cb="0"/><line nr="377" mi="2" ci="0" mb="0" cb="0"/><line nr="378" mi="16" ci="0" mb="2" cb="0"/><line nr="379" mi="5" ci="0" mb="4" cb="0"/><line nr="380" mi="10" ci="0" mb="2" cb="0"/><line nr="383" mi="2" ci="0" mb="0" cb="0"/><line nr="390" mi="3" ci="0" mb="0" cb="0"/><line nr="391" mi="4" ci="0" mb="2" cb="0"/><line nr="392" mi="8" ci="0" mb="0" cb="0"/><line nr="394" mi="3" ci="0" mb="0" cb="0"/><line nr="395" mi="2" ci="0" mb="0" cb="0"/><line nr="396" mi="16" ci="0" mb="2" cb="0"/><line nr="397" mi="5" ci="0" mb="4" cb="0"/><line nr="398" mi="10" ci="0" mb="2" cb="0"/><line nr="401" mi="2" ci="0" mb="0" cb="0"/><counter type="INSTRUCTION" missed="831" covered="0"/><counter type="BRANCH" missed="110" covered="0"/><counter type="LINE" missed="148" covered="0"/><counter type="COMPLEXITY" missed="74" covered="0"/><counter type="METHOD" missed="19" covered="0"/><counter type="CLASS" missed="2" covered="0"/></sourcefile><sourcefile name="IterableUtils.java"><line nr="21" mi="3" ci="0" mb="0" cb="0"/><line nr="28" mi="0" ci="11" mb="0" cb="0"/><line nr="30" mi="0" ci="3" mb="0" cb="0"/><counter type="INSTRUCTION" missed="3" covered="14"/><counter type="LINE" missed="1" covered="2"/><counter type="COMPLEXITY" missed="1" covered="3"/><counter type="METHOD" missed="1" covered="3"/><counter type="CLASS" missed="0" covered="2"/></sourcefile><sourcefile name="MapUtils.java"><line nr="28" mi="2" ci="0" mb="0" cb="0"/><line nr="29" mi="5" ci="0" mb="0" cb="0"/><line nr="42" mi="0" ci="9" mb="0" cb="0"/><line nr="44" mi="0" ci="7" mb="0" cb="0"/><line nr="59" mi="13" ci="0" mb="0" cb="0"/><line nr="61" mi="8" ci="0" mb="0" cb="0"/><line nr="67" mi="0" ci="6" mb="0" cb="0"/><line nr="68" mi="0" ci="3" mb="0" cb="0"/><line nr="70" mi="0" ci="6" mb="0" cb="0"/><line nr="71" mi="0" ci="10" mb="0" cb="2"/><line nr="72" mi="0" ci="7" mb="0" cb="0"/><line nr="73" mi="0" ci="1" mb="0" cb="0"/><line nr="74" mi="0" ci="2" mb="0" cb="0"/><line nr="82" mi="10" ci="0" mb="2" cb="0"/><counter type="INSTRUCTION" missed="38" covered="51"/><counter type="BRANCH" missed="2" covered="2"/><counter type="LINE" missed="5" covered="9"/><counter type="COMPLEXITY" missed="6" covered="5"/><counter type="METHOD" missed="5" covered="4"/><counter type="CLASS" missed="1" covered="2"/></sourcefile><counter type="INSTRUCTION" missed="1061" covered="65"/><counter type="BRANCH" missed="122" covered="2"/><counter type="LINE" missed="180" covered="11"/><counter type="COMPLEXITY" missed="91" covered="8"/><counter type="METHOD" missed="30" covered="7"/><counter type="CLASS" missed="4" covered="4"/></package><package name="org/gbif/utils/file/tabular"><class name="org/gbif/utils/file/tabular/JacksonUtils" sourcefilename="JacksonUtils.java"><method name="buildCsvSchema" desc="(CLjava/lang/String;Ljava/lang/Character;)Lcom/fasterxml/jackson/dataformat/csv/CsvSchema;" line="36"><counter type="INSTRUCTION" missed="0" covered="20"/><counter type="BRANCH" missed="0" covered="2"/><counter type="LINE" missed="0" covered="6"/><counter type="COMPLEXITY" missed="0" covered="2"/><counter type="METHOD" missed="0" covered="1"/></method><counter type="INSTRUCTION" missed="0" covered="20"/><counter type="BRANCH" missed="0" covered="2"/><counter type="LINE" missed="0" covered="6"/><counter type="COMPLEXITY" missed="0" covered="2"/><counter type="METHOD" missed="0" covered="1"/><counter type="CLASS" missed="0" covered="1"/></class><class name="org/gbif/utils/file/tabular/JacksonCsvFileReader" sourcefilename="JacksonCsvFileReader.java"><method name="&lt;init&gt;" desc="(Ljava/io/Reader;CLjava/lang/String;Ljava/lang/Character;Z)V" line="48"><counter type="INSTRUCTION" missed="0" covered="9"/><counter type="LINE" missed="0" covered="2"/><counter type="COMPLEXITY" missed="0" covered="1"/><counter type="METHOD" missed="0" covered="1"/></method><method name="&lt;init&gt;" desc="(Ljava/io/Reader;CLjava/lang/String;Ljava/lang/Character;ZLjava/lang/Integer;)V" line="43"><counter type="INSTRUCTION" missed="0" covered="68"/><counter type="BRANCH" missed="1" covered="5"/><counter type="LINE" missed="0" covered="16"/><counter type="COMPLEXITY" missed="1" covered="3"/><counter type="METHOD" missed="0" covered="1"/></method><method name="getHeaderLine" desc="()Ljava/util/List;" line="90"><counter type="INSTRUCTION" missed="3" covered="0"/><counter type="LINE" missed="1" covered="0"/><counter type="COMPLEXITY" missed="1" covered="0"/><counter type="METHOD" missed="1" covered="0"/></method><method name="getLastRecordLineNumber" desc="()J" line="95"><counter type="INSTRUCTION" missed="0" covered="3"/><counter type="LINE" missed="0" covered="1"/><counter type="COMPLEXITY" missed="0" covered="1"/><counter type="METHOD" missed="0" covered="1"/></method><method name="getLastRecordNumber" desc="()J" line="100"><counter type="INSTRUCTION" missed="0" covered="3"/><counter type="LINE" missed="0" covered="1"/><counter type="COMPLEXITY" missed="0" covered="1"/><counter type="METHOD" missed="0" covered="1"/></method><method name="read" desc="()Ljava/util/List;" line="106"><counter type="INSTRUCTION" missed="2" covered="55"/><counter type="BRANCH" missed="1" covered="7"/><counter type="LINE" missed="1" covered="12"/><counter type="COMPLEXITY" missed="1" covered="4"/><counter type="METHOD" missed="0" covered="1"/></method><method name="close" desc="()V" line="130"><counter type="INSTRUCTION" missed="0" covered="4"/><counter type="LINE" missed="0" covered="2"/><counter type="COMPLEXITY" missed="0" covered="1"/><counter type="METHOD" missed="0" covered="1"/></method><counter type="INSTRUCTION" missed="5" covered="142"/><counter type="BRANCH" missed="2" covered="12"/><counter type="LINE" missed="2" covered="34"/><counter type="COMPLEXITY" missed="3" covered="11"/><counter type="METHOD" missed="1" covered="6"/><counter type="CLASS" missed="0" covered="1"/></class><class name="org/gbif/utils/file/tabular/TabularFileMetadataExtractor" sourcefilename="TabularFileMetadataExtractor.java"><method name="extractTabularFileMetadata" desc="(Ljava/nio/file/Path;)Lorg/gbif/utils/file/tabular/TabularFileMetadata;" line="89"><counter type="INSTRUCTION" missed="12" covered="54"/><counter type="BRANCH" missed="2" covered="8"/><counter type="LINE" missed="3" covered="14"/><counter type="COMPLEXITY" missed="2" covered="4"/><counter type="METHOD" missed="0" covered="1"/></method><method name="extractTabularMetadata" desc="(Ljava/util/List;)Lorg/gbif/utils/file/tabular/TabularFileMetadata;" line="126"><counter type="INSTRUCTION" missed="2" covered="36"/><counter type="BRANCH" missed="1" covered="1"/><counter type="LINE" missed="1" covered="10"/><counter type="COMPLEXITY" missed="1" covered="1"/><counter type="METHOD" missed="0" covered="1"/></method><method name="getHighestCountOf" desc="(Ljava/util/List;Ljava/util/function/Function;)Ljava/util/Optional;" line="156"><counter type="INSTRUCTION" missed="0" covered="19"/><counter type="LINE" missed="0" covered="9"/><counter type="COMPLEXITY" missed="0" covered="1"/><counter type="METHOD" missed="0" covered="1"/></method><method name="getDelimiterChar" desc="(Ljava/util/List;)Ljava/util/Optional;" line="177"><counter type="INSTRUCTION" missed="11" covered="145"/><counter type="BRANCH" missed="4" covered="4"/><counter type="LINE" missed="4" covered="33"/><counter type="COMPLEXITY" missed="3" covered="2"/><counter type="METHOD" missed="0" covered="1"/></method><method name="intersectSingle" desc="(Ljava/util/Set;Ljava/util/Set;)Ljava/util/Optional;" line="254"><counter type="INSTRUCTION" missed="0" covered="14"/><counter type="BRANCH" missed="0" covered="2"/><counter type="LINE" missed="0" covered="2"/><counter type="COMPLEXITY" missed="0" covered="2"/><counter type="METHOD" missed="0" covered="1"/></method><method name="getAllEqualsToFirst" desc="(Ljava/util/Map;Ljava/util/function/BiFunction;)Ljava/util/Set;" line="268"><counter type="INSTRUCTION" missed="2" covered="26"/><counter type="BRANCH" missed="1" covered="1"/><counter type="LINE" missed="1" covered="5"/><counter type="COMPLEXITY" missed="1" covered="1"/><counter type="METHOD" missed="0" covered="1"/></method><method name="computeLineDelimiterStats" desc="(Ljava/util/List;)Ljava/util/List;" line="285"><counter type="INSTRUCTION" missed="0" covered="10"/><counter type="LINE" missed="0" covered="4"/><counter type="COMPLEXITY" missed="0" covered="1"/><counter type="METHOD" missed="0" covered="1"/></method><method name="lineToLineDelimiterStats" desc="(Ljava/lang/String;)Ljava/util/List;" line="297"><counter type="INSTRUCTION" missed="0" covered="9"/><counter type="LINE" missed="0" covered="3"/><counter type="COMPLEXITY" missed="0" covered="1"/><counter type="METHOD" missed="0" covered="1"/></method><method name="computeDelimiterDistinctFrequency" desc="(Ljava/util/List;)Ljava/util/Map;" line="318"><counter type="INSTRUCTION" missed="0" covered="10"/><counter type="LINE" missed="0" covered="4"/><counter type="COMPLEXITY" missed="0" covered="1"/><counter type="METHOD" missed="0" covered="1"/></method><method name="computeDelimiterHighestFrequencyPerLine" desc="(Ljava/util/List;)Ljava/util/Map;" line="331"><counter type="INSTRUCTION" missed="0" covered="12"/><counter type="LINE" missed="0" covered="4"/><counter type="COMPLEXITY" missed="0" covered="1"/><counter type="METHOD" missed="0" covered="1"/></method><method name="computeDelimiterFrequencySums" desc="(Ljava/util/List;)Ljava/util/Map;" line="349"><counter type="INSTRUCTION" missed="0" covered="11"/><counter type="LINE" missed="0" covered="5"/><counter type="COMPLEXITY" missed="0" covered="1"/><counter type="METHOD" missed="0" covered="1"/></method><method name="getDelimiterWithHighestCount" desc="(Ljava/lang/String;)Ljava/util/Optional;" line="365"><counter type="INSTRUCTION" missed="0" covered="35"/><counter type="BRANCH" missed="0" covered="4"/><counter type="LINE" missed="0" covered="8"/><counter type="COMPLEXITY" missed="0" covered="3"/><counter type="METHOD" missed="0" covered="1"/></method><method name="getDelimiterWithHighestCount2" desc="(Ljava/lang/String;)Ljava/util/Optional;" line="378"><counter type="INSTRUCTION" missed="0" covered="39"/><counter type="BRANCH" missed="0" covered="4"/><counter type="LINE" missed="0" covered="8"/><counter type="COMPLEXITY" missed="0" covered="3"/><counter type="METHOD" missed="0" covered="1"/></method><method name="getQuoteCharWithHighestCount" desc="(Ljava/lang/String;Ljava/lang/Character;)Ljava/util/Optional;" line="401"><counter type="INSTRUCTION" missed="0" covered="45"/><counter type="BRANCH" missed="0" covered="6"/><counter type="LINE" missed="0" covered="11"/><counter type="COMPLEXITY" missed="0" covered="4"/><counter type="METHOD" missed="0" covered="1"/></method><method name="lambda$computeDelimiterHighestFrequencyPerLine$14" desc="(Ljava/util/Optional;)Ljava/util/stream/Stream;" line="333"><counter type="INSTRUCTION" missed="0" covered="7"/><counter type="LINE" missed="0" covered="1"/><counter type="COMPLEXITY" missed="0" covered="1"/><counter type="METHOD" missed="0" covered="1"/></method><method name="lambda$lineToLineDelimiterStats$13" desc="(Ljava/lang/String;Ljava/lang/Character;)Lorg/gbif/utils/file/tabular/TabularFileMetadataExtractor$LineDelimiterStats;" line="298"><counter type="INSTRUCTION" missed="0" covered="9"/><counter type="LINE" missed="0" covered="1"/><counter type="COMPLEXITY" missed="0" covered="1"/><counter type="METHOD" missed="0" covered="1"/></method><method name="lambda$getAllEqualsToFirst$12" desc="(Ljava/util/function/BiFunction;Ljava/lang/Object;Ljava/util/Map$Entry;)Z" line="274"><counter type="INSTRUCTION" missed="0" covered="8"/><counter type="LINE" missed="0" covered="1"/><counter type="COMPLEXITY" missed="0" covered="1"/><counter type="METHOD" missed="0" covered="1"/></method><method name="lambda$getDelimiterChar$11" desc="(Ljava/lang/Long;Ljava/lang/Long;)Ljava/lang/Long;" line="208"><counter type="INSTRUCTION" missed="2" covered="0"/><counter type="LINE" missed="1" covered="0"/><counter type="COMPLEXITY" missed="1" covered="0"/><counter type="METHOD" missed="1" covered="0"/></method><method name="lambda$getDelimiterChar$10" desc="(Ljava/util/Map$Entry;)Ljava/lang/Long;" line="206"><counter type="INSTRUCTION" missed="0" covered="4"/><counter type="LINE" missed="0" covered="1"/><counter type="COMPLEXITY" missed="0" covered="1"/><counter type="METHOD" missed="0" covered="1"/></method><method name="lambda$getDelimiterChar$9" desc="(Ljava/lang/Integer;Ljava/lang/Integer;)Ljava/lang/Integer;" line="199"><counter type="INSTRUCTION" missed="2" covered="0"/><counter type="LINE" missed="1" covered="0"/><counter type="COMPLEXITY" missed="1" covered="0"/><counter type="METHOD" missed="1" covered="0"/></method><method name="lambda$getDelimiterChar$8" desc="(Ljava/util/Map$Entry;)Ljava/lang/Integer;" line="197"><counter type="INSTRUCTION" missed="0" covered="4"/><counter type="LINE" missed="0" covered="1"/><counter type="COMPLEXITY" missed="0" covered="1"/><counter type="METHOD" missed="0" covered="1"/></method><method name="lambda$getDelimiterChar$7" desc="(Ljava/util/Set;Ljava/util/Set;)Ljava/lang/Boolean;" line="192"><counter type="INSTRUCTION" missed="0" covered="10"/><counter type="BRANCH" missed="0" covered="2"/><counter type="LINE" missed="0" covered="1"/><counter type="COMPLEXITY" missed="0" covered="2"/><counter type="METHOD" missed="0" covered="1"/></method><method name="lambda$getDelimiterChar$6" desc="(Ljava/util/Set;Ljava/util/Set;)Ljava/util/Set;" line="188"><counter type="INSTRUCTION" missed="2" covered="0"/><counter type="LINE" missed="1" covered="0"/><counter type="COMPLEXITY" missed="1" covered="0"/><counter type="METHOD" missed="1" covered="0"/></method><method name="lambda$getDelimiterChar$5" desc="(Ljava/util/Map$Entry;)Ljava/lang/Integer;" line="186"><counter type="INSTRUCTION" missed="0" covered="6"/><counter type="LINE" missed="0" covered="1"/><counter type="COMPLEXITY" missed="0" covered="1"/><counter type="METHOD" missed="0" covered="1"/></method><method name="lambda$getDelimiterChar$4" desc="(Ljava/util/Map$Entry;)Z" line="185"><counter type="INSTRUCTION" missed="0" covered="17"/><counter type="BRANCH" missed="0" covered="4"/><counter type="LINE" missed="0" covered="1"/><counter type="COMPLEXITY" missed="0" covered="3"/><counter type="METHOD" missed="0" covered="1"/></method><method name="lambda$getHighestCountOf$3" desc="(Ljava/util/Optional;)Ljava/util/stream/Stream;" line="158"><counter type="INSTRUCTION" missed="0" covered="7"/><counter type="LINE" missed="0" covered="1"/><counter type="COMPLEXITY" missed="0" covered="1"/><counter type="METHOD" missed="0" covered="1"/></method><method name="lambda$extractTabularMetadata$2" desc="(Ljava/lang/Character;Ljava/lang/String;)Ljava/util/Optional;" line="135"><counter type="INSTRUCTION" missed="0" covered="4"/><counter type="LINE" missed="0" covered="1"/><counter type="COMPLEXITY" missed="0" covered="1"/><counter type="METHOD" missed="0" covered="1"/></method><method name="lambda$static$1" desc="(Ljava/lang/Character;Ljava/lang/Character;)Ljava/util/regex/Pattern;" line="75"><counter type="INSTRUCTION" missed="0" covered="20"/><counter type="LINE" missed="0" covered="1"/><counter type="COMPLEXITY" missed="0" covered="1"/><counter type="METHOD" missed="0" covered="1"/></method><method name="lambda$static$0" desc="(Lorg/gbif/utils/file/tabular/TabularFileMetadataExtractor$LineDelimiterStats;)Z" line="72"><counter type="INSTRUCTION" missed="0" covered="7"/><counter type="BRANCH" missed="0" covered="2"/><counter type="LINE" missed="0" covered="1"/><counter type="COMPLEXITY" missed="0" covered="2"/><counter type="METHOD" missed="0" covered="1"/></method><method name="&lt;clinit&gt;" desc="()V" line="60"><counter type="INSTRUCTION" missed="0" covered="48"/><counter type="LINE" missed="0" covered="6"/><counter type="COMPLEXITY" missed="0" covered="1"/><counter type="METHOD" missed="0" covered="1"/></method><counter type="INSTRUCTION" missed="33" covered="616"/><counter type="BRANCH" missed="8" covered="38"/><counter type="LINE" missed="12" covered="127"/><counter type="COMPLEXITY" missed="10" covered="43"/><counter type="METHOD" missed="3" covered="27"/><counter type="CLASS" missed="0" covered="1"/></class><class name="org/gbif/utils/file/tabular/TabularFileMetadata" sourcefilename="TabularFileMetadata.java"><method name="&lt;init&gt;" desc="()V" line="24"><counter type="INSTRUCTION" missed="0" covered="3"/><counter type="LINE" missed="0" covered="1"/><counter type="COMPLEXITY" missed="0" covered="1"/><counter type="METHOD" missed="0" covered="1"/></method><method name="getEncoding" desc="()Ljava/nio/charset/Charset;" line="31"><counter type="INSTRUCTION" missed="0" covered="3"/><counter type="LINE" missed="0" covered="1"/><counter type="COMPLEXITY" missed="0" covered="1"/><counter type="METHOD" missed="0" covered="1"/></method><method name="setEncoding" desc="(Ljava/nio/charset/Charset;)V" line="35"><counter type="INSTRUCTION" missed="0" covered="4"/><counter type="LINE" missed="0" covered="2"/><counter type="COMPLEXITY" missed="0" covered="1"/><counter type="METHOD" missed="0" covered="1"/></method><method name="getDelimiter" desc="()Ljava/lang/Character;" line="39"><counter type="INSTRUCTION" missed="0" covered="3"/><counter type="LINE" missed="0" covered="1"/><counter type="COMPLEXITY" missed="0" covered="1"/><counter type="METHOD" missed="0" covered="1"/></method><method name="setDelimiter" desc="(Ljava/lang/Character;)V" line="43"><counter type="INSTRUCTION" missed="0" covered="4"/><counter type="LINE" missed="0" covered="2"/><counter type="COMPLEXITY" missed="0" covered="1"/><counter type="METHOD" missed="0" covered="1"/></method><method name="getQuotedBy" desc="()Ljava/lang/Character;" line="47"><counter type="INSTRUCTION" missed="0" covered="3"/><counter type="LINE" missed="0" covered="1"/><counter type="COMPLEXITY" missed="0" covered="1"/><counter type="METHOD" missed="0" covered="1"/></method><method name="setQuotedBy" desc="(Ljava/lang/Character;)V" line="51"><counter type="INSTRUCTION" missed="0" covered="4"/><counter type="LINE" missed="0" covered="2"/><counter type="COMPLEXITY" missed="0" covered="1"/><counter type="METHOD" missed="0" covered="1"/></method><counter type="INSTRUCTION" missed="0" covered="24"/><counter type="LINE" missed="0" covered="10"/><counter type="COMPLEXITY" missed="0" covered="7"/><counter type="METHOD" missed="0" covered="7"/><counter type="CLASS" missed="0" covered="1"/></class><class name="org/gbif/utils/file/tabular/TabularFileMetadataExtractor$LineDelimiterStats" sourcefilename="TabularFileMetadataExtractor.java"><method name="&lt;init&gt;" desc="(Ljava/lang/Character;I)V" line="423"><counter type="INSTRUCTION" missed="0" covered="9"/><counter type="LINE" missed="0" covered="4"/><counter type="COMPLEXITY" missed="0" covered="1"/><counter type="METHOD" missed="0" covered="1"/></method><method name="getDelimiter" desc="()Ljava/lang/Character;" line="429"><counter type="INSTRUCTION" missed="0" covered="3"/><counter type="LINE" missed="0" covered="1"/><counter type="COMPLEXITY" missed="0" covered="1"/><counter type="METHOD" missed="0" covered="1"/></method><method name="getFrequency" desc="()I" line="433"><counter type="INSTRUCTION" missed="0" covered="3"/><counter type="LINE" missed="0" covered="1"/><counter type="COMPLEXITY" missed="0" covered="1"/><counter type="METHOD" missed="0" covered="1"/></method><counter type="INSTRUCTION" missed="0" covered="15"/><counter type="LINE" missed="0" covered="6"/><counter type="COMPLEXITY" missed="0" covered="3"/><counter type="METHOD" missed="0" covered="3"/><counter type="CLASS" missed="0" covered="1"/></class><class name="org/gbif/utils/file/tabular/TabularDataFileReader" sourcefilename="TabularDataFileReader.java"/><class name="org/gbif/utils/file/tabular/TabularFileNormalizer" sourcefilename="TabularFileNormalizer.java"><method name="&lt;init&gt;" desc="()V" line="45"><counter type="INSTRUCTION" missed="3" covered="0"/><counter type="LINE" missed="1" covered="0"/><counter type="COMPLEXITY" missed="1" covered="0"/><counter type="METHOD" missed="1" covered="0"/></method><method name="normalizeFile" desc="(Ljava/nio/file/Path;Ljava/nio/file/Path;Ljava/nio/charset/Charset;CLjava/lang/String;Ljava/lang/Character;)I" line="73"><counter type="INSTRUCTION" missed="6" covered="94"/><counter type="BRANCH" missed="1" covered="3"/><counter type="LINE" missed="3" covered="22"/><counter type="COMPLEXITY" missed="1" covered="2"/><counter type="METHOD" missed="0" covered="1"/></method><method name="normalizeLine" desc="(Ljava/util/List;)Ljava/util/Optional;" line="117"><counter type="INSTRUCTION" missed="2" covered="19"/><counter type="BRANCH" missed="2" covered="2"/><counter type="LINE" missed="1" covered="6"/><counter type="COMPLEXITY" missed="2" covered="1"/><counter type="METHOD" missed="0" covered="1"/></method><method name="lambda$normalizeLine$0" desc="(Ljava/lang/String;)Ljava/lang/String;" line="123"><counter type="INSTRUCTION" missed="2" covered="4"/><counter type="BRANCH" missed="1" covered="1"/><counter type="LINE" missed="0" covered="1"/><counter type="COMPLEXITY" missed="1" covered="1"/><counter type="METHOD" missed="0" covered="1"/></method><method name="&lt;clinit&gt;" desc="()V" line="49"><counter type="INSTRUCTION" missed="0" covered="5"/><counter type="LINE" missed="0" covered="2"/><counter type="COMPLEXITY" missed="0" covered="1"/><counter type="METHOD" missed="0" covered="1"/></method><counter type="INSTRUCTION" missed="13" covered="122"/><counter type="BRANCH" missed="4" covered="6"/><counter type="LINE" missed="5" covered="30"/><counter type="COMPLEXITY" missed="5" covered="5"/><counter type="METHOD" missed="1" covered="4"/><counter type="CLASS" missed="0" covered="1"/></class><class name="org/gbif/utils/file/tabular/TabularFiles" sourcefilename="TabularFiles.java"><method name="&lt;init&gt;" desc="()V" line="29"><counter type="INSTRUCTION" missed="3" covered="0"/><counter type="LINE" missed="1" covered="0"/><counter type="COMPLEXITY" missed="1" covered="0"/><counter type="METHOD" missed="1" covered="0"/></method><method name="newTabularFileReader" desc="(Ljava/io/Reader;CLjava/lang/String;Ljava/lang/Character;Z)Lorg/gbif/utils/file/tabular/TabularDataFileReader;" line="43"><counter type="INSTRUCTION" missed="0" covered="8"/><counter type="LINE" missed="0" covered="1"/><counter type="COMPLEXITY" missed="0" covered="1"/><counter type="METHOD" missed="0" covered="1"/></method><method name="newTabularFileReader" desc="(Ljava/io/Reader;CLjava/lang/String;Ljava/lang/Character;ZLjava/lang/Integer;)Lorg/gbif/utils/file/tabular/TabularDataFileReader;" line="62"><counter type="INSTRUCTION" missed="0" covered="18"/><counter type="LINE" missed="0" covered="3"/><counter type="COMPLEXITY" missed="0" covered="1"/><counter type="METHOD" missed="0" covered="1"/></method><method name="newTabularFileReader" desc="(Ljava/io/Reader;CZ)Lorg/gbif/utils/file/tabular/TabularDataFileReader;" line="86"><counter type="INSTRUCTION" missed="0" covered="13"/><counter type="LINE" missed="0" covered="2"/><counter type="COMPLEXITY" missed="0" covered="1"/><counter type="METHOD" missed="0" covered="1"/></method><counter type="INSTRUCTION" missed="3" covered="39"/><counter type="LINE" missed="1" covered="6"/><counter type="COMPLEXITY" missed="1" covered="3"/><counter type="METHOD" missed="1" covered="3"/><counter type="CLASS" missed="0" covered="1"/></class><sourcefile name="TabularDataFileReader.java"/><sourcefile name="TabularFileMetadataExtractor.java"><line nr="60" mi="0" ci="3" mb="0" cb="0"/><line nr="69" mi="0" ci="23" mb="0" cb="0"/><line nr="70" mi="0" ci="13" mb="0" cb="0"/><line nr="72" mi="0" ci="9" mb="0" cb="2"/><line nr="73" mi="0" ci="4" mb="0" cb="0"/><line nr="74" mi="0" ci="3" mb="0" cb="0"/><line nr="75" mi="0" ci="20" mb="0" cb="0"/><line nr="89" mi="0" ci="4" mb="0" cb="0"/><line nr="90" mi="1" ci="9" mb="1" cb="1"/><line nr="94" mi="0" ci="5" mb="0" cb="0"/><line nr="95" mi="0" ci="2" mb="1" cb="1"/><line nr="96" mi="5" ci="0" mb="0" cb="0"/><line nr="98" mi="1" ci="0" mb="0" cb="0"/><line nr="99" mi="5" ci="0" mb="0" cb="0"/><line nr="100" mi="0" ci="1" mb="0" cb="0"/><line nr="103" mi="0" ci="4" mb="0" cb="0"/><line nr="104" mi="0" ci="6" mb="0" cb="0"/><line nr="107" mi="0" ci="3" mb="0" cb="0"/><line nr="108" mi="0" ci="2" mb="0" cb="2"/><line nr="109" mi="0" ci="4" mb="0" cb="0"/><line nr="112" mi="0" ci="6" mb="0" cb="4"/><line nr="114" mi="0" ci="3" mb="0" cb="0"/><line nr="115" mi="0" ci="3" mb="0" cb="0"/><line nr="116" mi="0" ci="2" mb="0" cb="0"/><line nr="126" mi="0" ci="4" mb="0" cb="0"/><line nr="127" mi="0" ci="4" mb="0" cb="0"/><line nr="129" mi="0" ci="3" mb="0" cb="0"/><line nr="130" mi="0" ci="5" mb="0" cb="0"/><line nr="131" mi="0" ci="2" mb="1" cb="1"/><line nr="132" mi="2" ci="0" mb="0" cb="0"/><line nr="135" mi="0" ci="9" mb="0" cb="0"/><line nr="136" mi="0" ci="5" mb="0" cb="0"/><line nr="138" mi="0" ci="3" mb="0" cb="0"/><line nr="139" mi="0" ci="3" mb="0" cb="0"/><line nr="141" mi="0" ci="2" mb="0" cb="0"/><line nr="156" mi="0" ci="4" mb="0" cb="0"/><line nr="157" mi="0" ci="2" mb="0" cb="0"/><line nr="158" mi="0" ci="8" mb="0" cb="0"/><line nr="159" mi="0" ci="5" mb="0" cb="0"/><line nr="160" mi="0" ci="1" mb="0" cb="0"/><line nr="161" mi="0" ci="2" mb="0" cb="0"/><line nr="162" mi="0" ci="1" mb="0" cb="0"/><line nr="163" mi="0" ci="2" mb="0" cb="0"/><line nr="164" mi="0" ci="1" mb="0" cb="0"/><line nr="177" mi="0" ci="1" mb="0" cb="0"/><line nr="178" mi="0" ci="2" mb="0" cb="0"/><line nr="181" mi="0" ci="1" mb="0" cb="0"/><line nr="182" mi="0" ci="1" mb="0" cb="0"/><line nr="183" mi="0" ci="3" mb="0" cb="0"/><line nr="185" mi="0" ci="19" mb="0" cb="4"/><line nr="186" mi="0" ci="12" mb="0" cb="0"/><line nr="187" mi="0" ci="4" mb="0" cb="0"/><line nr="188" mi="2" ci="0" mb="0" cb="0"/><line nr="191" mi="0" ci="2" mb="0" cb="0"/><line nr="192" mi="0" ci="12" mb="0" cb="2"/><line nr="195" mi="0" ci="2" mb="0" cb="0"/><line nr="196" mi="0" ci="3" mb="0" cb="0"/><line nr="197" mi="0" ci="11" mb="0" cb="0"/><line nr="198" mi="0" ci="4" mb="0" cb="0"/><line nr="199" mi="2" ci="0" mb="0" cb="0"/><line nr="201" mi="0" ci="4" mb="0" cb="0"/><line nr="204" mi="0" ci="2" mb="0" cb="0"/><line nr="205" mi="0" ci="3" mb="0" cb="0"/><line nr="206" mi="0" ci="11" mb="0" cb="0"/><line nr="207" mi="0" ci="4" mb="0" cb="0"/><line nr="208" mi="2" ci="0" mb="0" cb="0"/><line nr="209" mi="0" ci="4" mb="0" cb="0"/><line nr="213" mi="0" ci="3" mb="1" cb="1"/><line nr="214" mi="0" ci="10" mb="0" cb="0"/><line nr="215" mi="0" ci="10" mb="0" cb="0"/><line nr="216" mi="0" ci="10" mb="0" cb="0"/><line nr="217" mi="0" ci="10" mb="0" cb="0"/><line nr="218" mi="0" ci="10" mb="0" cb="0"/><line nr="219" mi="0" ci="10" mb="0" cb="0"/><line nr="223" mi="0" ci="4" mb="0" cb="0"/><line nr="224" mi="0" ci="3" mb="0" cb="2"/><line nr="225" mi="0" ci="2" mb="0" cb="0"/><line nr="229" mi="0" ci="4" mb="0" cb="0"/><line nr="230" mi="0" ci="3" mb="1" cb="1"/><line nr="231" mi="0" ci="2" mb="0" cb="0"/><line nr="235" mi="4" ci="0" mb="0" cb="0"/><line nr="236" mi="3" ci="0" mb="2" cb="0"/><line nr="237" mi="2" ci="0" mb="0" cb="0"/><line nr="243" mi="2" ci="0" mb="0" cb="0"/><line nr="254" mi="0" ci="4" mb="0" cb="0"/><line nr="255" mi="0" ci="10" mb="0" cb="2"/><line nr="268" mi="0" ci="5" mb="0" cb="0"/><line nr="269" mi="0" ci="3" mb="1" cb="1"/><line nr="270" mi="2" ci="0" mb="0" cb="0"/><line nr="273" mi="0" ci="5" mb="0" cb="0"/><line nr="274" mi="0" ci="17" mb="0" cb="0"/><line nr="275" mi="0" ci="4" mb="0" cb="0"/><line nr="285" mi="0" ci="4" mb="0" cb="0"/><line nr="286" mi="0" ci="2" mb="0" cb="0"/><line nr="287" mi="0" ci="1" mb="0" cb="0"/><line nr="288" mi="0" ci="3" mb="0" cb="0"/><line nr="297" mi="0" ci="5" mb="0" cb="0"/><line nr="298" mi="0" ci="10" mb="0" cb="0"/><line nr="299" mi="0" ci="3" mb="0" cb="0"/><line nr="318" mi="0" ci="5" mb="0" cb="0"/><line nr="319" mi="0" ci="2" mb="0" cb="0"/><line nr="320" mi="0" ci="1" mb="0" cb="0"/><line nr="321" mi="0" ci="2" mb="0" cb="0"/><line nr="331" mi="0" ci="4" mb="0" cb="0"/><line nr="332" mi="0" ci="2" mb="0" cb="0"/><line nr="333" mi="0" ci="9" mb="0" cb="0"/><line nr="334" mi="0" ci="4" mb="0" cb="0"/><line nr="349" mi="0" ci="4" mb="0" cb="0"/><line nr="350" mi="0" ci="3" mb="0" cb="0"/><line nr="351" mi="0" ci="2" mb="0" cb="0"/><line nr="352" mi="0" ci="1" mb="0" cb="0"/><line nr="353" mi="0" ci="1" mb="0" cb="0"/><line nr="365" mi="0" ci="2" mb="0" cb="0"/><line nr="366" mi="0" ci="2" mb="0" cb="0"/><line nr="367" mi="0" ci="16" mb="0" cb="2"/><line nr="368" mi="0" ci="5" mb="0" cb="0"/><line nr="369" mi="0" ci="3" mb="0" cb="2"/><line nr="370" mi="0" ci="2" mb="0" cb="0"/><line nr="371" mi="0" ci="2" mb="0" cb="0"/><line nr="374" mi="0" ci="3" mb="0" cb="0"/><line nr="378" mi="0" ci="2" mb="0" cb="0"/><line nr="380" mi="0" ci="2" mb="0" cb="0"/><line nr="381" mi="0" ci="16" mb="0" cb="2"/><line nr="382" mi="0" ci="5" mb="0" cb="0"/><line nr="383" mi="0" ci="3" mb="0" cb="2"/><line nr="384" mi="0" ci="2" mb="0" cb="0"/><line nr="385" mi="0" ci="6" mb="0" cb="0"/><line nr="388" mi="0" ci="3" mb="0" cb="0"/><line nr="401" mi="0" ci="2" mb="0" cb="0"/><line nr="402" mi="0" ci="2" mb="0" cb="0"/><line nr="403" mi="0" ci="16" mb="0" cb="2"/><line nr="404" mi="0" ci="2" mb="0" cb="0"/><line nr="405" mi="0" ci="8" mb="0" cb="0"/><line nr="406" mi="0" ci="3" mb="0" cb="2"/><line nr="407" mi="0" ci="2" mb="0" cb="0"/><line nr="409" mi="0" ci="3" mb="0" cb="2"/><line nr="410" mi="0" ci="2" mb="0" cb="0"/><line nr="411" mi="0" ci="2" mb="0" cb="0"/><line nr="414" mi="0" ci="3" mb="0" cb="0"/><line nr="423" mi="0" ci="2" mb="0" cb="0"/><line nr="424" mi="0" ci="3" mb="0" cb="0"/><line nr="425" mi="0" ci="3" mb="0" cb="0"/><line nr="426" mi="0" ci="1" mb="0" cb="0"/><line nr="429" mi="0" ci="3" mb="0" cb="0"/><line nr="433" mi="0" ci="3" mb="0" cb="0"/><counter type="INSTRUCTION" missed="33" covered="631"/><counter type="BRANCH" missed="8" covered="38"/><counter type="LINE" missed="12" covered="133"/><counter type="COMPLEXITY" missed="10" covered="46"/><counter type="METHOD" missed="3" covered="30"/><counter type="CLASS" missed="0" covered="2"/></sourcefile><sourcefile name="TabularFiles.java"><line nr="29" mi="3" ci="0" mb="0" cb="0"/><line nr="43" mi="0" ci="8" mb="0" cb="0"/><line nr="62" mi="0" ci="4" mb="0" cb="0"/><line nr="63" mi="0" ci="4" mb="0" cb="0"/><line nr="64" mi="0" ci="10" mb="0" cb="0"/><line nr="86" mi="0" ci="10" mb="0" cb="0"/><line nr="87" mi="0" ci="3" mb="0" cb="0"/><counter type="INSTRUCTION" missed="3" covered="39"/><counter type="LINE" missed="1" covered="6"/><counter type="COMPLEXITY" missed="1" covered="3"/><counter type="METHOD" missed="1" covered="3"/><counter type="CLASS" missed="0" covered="1"/></sourcefile><sourcefile name="JacksonUtils.java"><line nr="36" mi="0" ci="2" mb="0" cb="0"/><line nr="37" mi="0" ci="2" mb="0" cb="0"/><line nr="38" mi="0" ci="2" mb="0" cb="0"/><line nr="39" mi="0" ci="2" mb="0" cb="0"/><line nr="42" mi="0" ci="10" mb="0" cb="2"/><line nr="44" mi="0" ci="2" mb="0" cb="0"/><counter type="INSTRUCTION" missed="0" covered="20"/><counter type="BRANCH" missed="0" covered="2"/><counter type="LINE" missed="0" covered="6"/><counter type="COMPLEXITY" missed="0" covered="2"/><counter type="METHOD" missed="0" covered="1"/><counter type="CLASS" missed="0" covered="1"/></sourcefile><sourcefile name="TabularFileMetadata.java"><line nr="24" mi="0" ci="3" mb="0" cb="0"/><line nr="31" mi="0" ci="3" mb="0" cb="0"/><line nr="35" mi="0" ci="3" mb="0" cb="0"/><line nr="36" mi="0" ci="1" mb="0" cb="0"/><line nr="39" mi="0" ci="3" mb="0" cb="0"/><line nr="43" mi="0" ci="3" mb="0" cb="0"/><line nr="44" mi="0" ci="1" mb="0" cb="0"/><line nr="47" mi="0" ci="3" mb="0" cb="0"/><line nr="51" mi="0" ci="3" mb="0" cb="0"/><line nr="52" mi="0" ci="1" mb="0" cb="0"/><counter type="INSTRUCTION" missed="0" covered="24"/><counter type="LINE" missed="0" covered="10"/><counter type="COMPLEXITY" missed="0" covered="7"/><counter type="METHOD" missed="0" covered="7"/><counter type="CLASS" missed="0" covered="1"/></sourcefile><sourcefile name="JacksonCsvFileReader.java"><line nr="43" mi="0" ci="3" mb="0" cb="0"/><line nr="44" mi="0" ci="3" mb="0" cb="0"/><line nr="48" mi="0" ci="8" mb="0" cb="0"/><line nr="49" mi="0" ci="1" mb="0" cb="0"/><line nr="63" mi="0" ci="2" mb="0" cb="0"/><line nr="65" mi="0" ci="4" mb="0" cb="0"/><line nr="66" mi="0" ci="4" mb="0" cb="0"/><line nr="68" mi="0" ci="4" mb="0" cb="0"/><line nr="69" mi="0" ci="4" mb="0" cb="0"/><line nr="71" mi="0" ci="5" mb="0" cb="0"/><line nr="73" mi="0" ci="5" mb="0" cb="0"/><line nr="74" mi="0" ci="2" mb="0" cb="0"/><line nr="75" mi="0" ci="2" mb="0" cb="0"/><line nr="78" mi="0" ci="13" mb="0" cb="2"/><line nr="79" mi="0" ci="4" mb="0" cb="0"/><line nr="83" mi="0" ci="6" mb="1" cb="3"/><line nr="84" mi="0" ci="6" mb="0" cb="0"/><line nr="86" mi="0" ci="1" mb="0" cb="0"/><line nr="90" mi="3" ci="0" mb="0" cb="0"/><line nr="95" mi="0" ci="3" mb="0" cb="0"/><line nr="100" mi="0" ci="3" mb="0" cb="0"/><line nr="106" mi="0" ci="4" mb="0" cb="2"/><line nr="108" mi="0" ci="7" mb="0" cb="0"/><line nr="109" mi="0" ci="5" mb="0" cb="0"/><line nr="111" mi="0" ci="10" mb="0" cb="4"/><line nr="112" mi="0" ci="6" mb="0" cb="0"/><line nr="113" mi="0" ci="2" mb="0" cb="0"/><line nr="115" mi="0" ci="1" mb="0" cb="0"/><line nr="117" mi="0" ci="1" mb="0" cb="0"/><line nr="118" mi="0" ci="5" mb="1" cb="1"/><line nr="119" mi="0" ci="11" mb="0" cb="0"/><line nr="122" mi="2" ci="0" mb="0" cb="0"/><line nr="124" mi="0" ci="1" mb="0" cb="0"/><line nr="125" mi="0" ci="2" mb="0" cb="0"/><line nr="130" mi="0" ci="3" mb="0" cb="0"/><line nr="131" mi="0" ci="1" mb="0" cb="0"/><counter type="INSTRUCTION" missed="5" covered="142"/><counter type="BRANCH" missed="2" covered="12"/><counter type="LINE" missed="2" covered="34"/><counter type="COMPLEXITY" missed="3" covered="11"/><counter type="METHOD" missed="1" covered="6"/><counter type="CLASS" missed="0" covered="1"/></sourcefile><sourcefile name="TabularFileNormalizer.java"><line nr="45" mi="3" ci="0" mb="0" cb="0"/><line nr="49" mi="0" ci="2" mb="0" cb="0"/><line nr="51" mi="0" ci="3" mb="0" cb="0"/><line nr="73" mi="0" ci="4" mb="0" cb="0"/><line nr="74" mi="0" ci="4" mb="0" cb="0"/><line nr="76" mi="0" ci="2" mb="0" cb="0"/><line nr="77" mi="0" ci="4" mb="0" cb="0"/><line nr="78" mi="0" ci="4" mb="0" cb="0"/><line nr="80" mi="0" ci="5" mb="0" cb="0"/><line nr="82" mi="0" ci="5" mb="0" cb="0"/><line nr="83" mi="0" ci="5" mb="0" cb="0"/><line nr="85" mi="0" ci="6" mb="0" cb="0"/><line nr="86" mi="0" ci="12" mb="0" cb="0"/><line nr="87" mi="0" ci="6" mb="0" cb="0"/><line nr="88" mi="0" ci="4" mb="0" cb="0"/><line nr="89" mi="0" ci="2" mb="0" cb="0"/><line nr="90" mi="0" ci="2" mb="0" cb="0"/><line nr="91" mi="0" ci="8" mb="0" cb="0"/><line nr="93" mi="0" ci="3" mb="0" cb="2"/><line nr="94" mi="0" ci="5" mb="0" cb="0"/><line nr="95" mi="0" ci="3" mb="1" cb="1"/><line nr="96" mi="0" ci="5" mb="0" cb="0"/><line nr="97" mi="0" ci="2" mb="0" cb="0"/><line nr="101" mi="1" ci="0" mb="0" cb="0"/><line nr="103" mi="3" ci="0" mb="0" cb="0"/><line nr="104" mi="2" ci="0" mb="0" cb="0"/><line nr="105" mi="0" ci="1" mb="0" cb="0"/><line nr="106" mi="0" ci="2" mb="0" cb="0"/><line nr="117" mi="0" ci="5" mb="2" cb="2"/><line nr="118" mi="2" ci="0" mb="0" cb="0"/><line nr="121" mi="0" ci="3" mb="0" cb="0"/><line nr="122" mi="0" ci="2" mb="0" cb="0"/><line nr="123" mi="2" ci="10" mb="1" cb="1"/><line nr="124" mi="0" ci="1" mb="0" cb="0"/><line nr="125" mi="0" ci="2" mb="0" cb="0"/><counter type="INSTRUCTION" missed="13" covered="122"/><counter type="BRANCH" missed="4" covered="6"/><counter type="LINE" missed="5" covered="30"/><counter type="COMPLEXITY" missed="5" covered="5"/><counter type="METHOD" missed="1" covered="4"/><counter type="CLASS" missed="0" covered="1"/></sourcefile><counter type="INSTRUCTION" missed="54" covered="978"/><counter type="BRANCH" missed="14" covered="58"/><counter type="LINE" missed="20" covered="219"/><counter type="COMPLEXITY" missed="19" covered="74"/><counter type="METHOD" missed="6" covered="51"/><counter type="CLASS" missed="0" covered="7"/></package><package name="org/gbif/utils/concurrent"><class name="org/gbif/utils/concurrent/ExecutorUtils" sourcefilename="ExecutorUtils.java"><method name="&lt;init&gt;" desc="()V" line="28"><counter type="INSTRUCTION" missed="3" covered="0"/><counter type="LINE" missed="1" covered="0"/><counter type="COMPLEXITY" missed="1" covered="0"/><counter type="METHOD" missed="1" covered="0"/></method><method name="stop" desc="(Ljava/util/concurrent/ExecutorService;)V" line="36"><counter type="INSTRUCTION" missed="5" covered="0"/><counter type="LINE" missed="2" covered="0"/><counter type="COMPLEXITY" missed="1" covered="0"/><counter type="METHOD" missed="1" covered="0"/></method><method name="stop" desc="(Ljava/util/concurrent/ExecutorService;ILjava/util/concurrent/TimeUnit;)V" line="47"><counter type="INSTRUCTION" missed="10" covered="21"/><counter type="BRANCH" missed="0" covered="2"/><counter type="LINE" missed="4" covered="7"/><counter type="COMPLEXITY" missed="0" covered="2"/><counter type="METHOD" missed="0" covered="1"/></method><method name="&lt;clinit&gt;" desc="()V" line="29"><counter type="INSTRUCTION" missed="0" covered="4"/><counter type="LINE" missed="0" covered="1"/><counter type="COMPLEXITY" missed="0" covered="1"/><counter type="METHOD" missed="0" covered="1"/></method><counter type="INSTRUCTION" missed="18" covered="25"/><counter type="BRANCH" missed="0" covered="2"/><counter type="LINE" missed="7" covered="8"/><counter type="COMPLEXITY" missed="2" covered="3"/><counter type="METHOD" missed="2" covered="2"/><counter type="CLASS" missed="0" covered="1"/></class><class name="org/gbif/utils/concurrent/DirectExecutor" sourcefilename="DirectExecutor.java"><method name="&lt;init&gt;" desc="()V" line="24"><counter type="INSTRUCTION" missed="3" covered="0"/><counter type="LINE" missed="1" covered="0"/><counter type="COMPLEXITY" missed="1" covered="0"/><counter type="METHOD" missed="1" covered="0"/></method><method name="execute" desc="(Ljava/lang/Runnable;)V" line="27"><counter type="INSTRUCTION" missed="3" covered="0"/><counter type="LINE" missed="2" covered="0"/><counter type="COMPLEXITY" missed="1" covered="0"/><counter type="METHOD" missed="1" covered="0"/></method><counter type="INSTRUCTION" missed="6" covered="0"/><counter type="LINE" missed="3" covered="0"/><counter type="COMPLEXITY" missed="2" covered="0"/><counter type="METHOD" missed="2" covered="0"/><counter type="CLASS" missed="1" covered="0"/></class><class name="org/gbif/utils/concurrent/NamedThreadFactory" sourcefilename="NamedThreadFactory.java"><method name="&lt;init&gt;" desc="(Ljava/lang/String;)V" line="43"><counter type="INSTRUCTION" missed="0" covered="6"/><counter type="LINE" missed="0" covered="2"/><counter type="COMPLEXITY" missed="0" covered="1"/><counter type="METHOD" missed="0" covered="1"/></method><method name="&lt;init&gt;" desc="(Ljava/lang/String;IZ)V" line="32"><counter type="INSTRUCTION" missed="3" covered="33"/><counter type="BRANCH" missed="1" covered="1"/><counter type="LINE" missed="0" covered="8"/><counter type="COMPLEXITY" missed="1" covered="1"/><counter type="METHOD" missed="0" covered="1"/></method><method name="newThread" desc="(Ljava/lang/Runnable;)Ljava/lang/Thread;" line="58"><counter type="INSTRUCTION" missed="0" covered="29"/><counter type="LINE" missed="0" covered="4"/><counter type="COMPLEXITY" missed="0" covered="1"/><counter type="METHOD" missed="0" covered="1"/></method><counter type="INSTRUCTION" missed="3" covered="68"/><counter type="BRANCH" missed="1" covered="1"/><counter type="LINE" missed="0" covered="14"/><counter type="COMPLEXITY" missed="1" covered="3"/><counter type="METHOD" missed="0" covered="3"/><counter type="CLASS" missed="0" covered="1"/></class><sourcefile name="ExecutorUtils.java"><line nr="28" mi="3" ci="0" mb="0" cb="0"/><line nr="29" mi="0" ci="4" mb="0" cb="0"/><line nr="36" mi="4" ci="0" mb="0" cb="0"/><line nr="37" mi="1" ci="0" mb="0" cb="0"/><line nr="47" mi="0" ci="4" mb="0" cb="0"/><line nr="48" mi="0" ci="2" mb="0" cb="0"/><line nr="50" mi="0" ci="6" mb="0" cb="2"/><line nr="51" mi="0" ci="4" mb="0" cb="0"/><line nr="52" mi="0" ci="3" mb="0" cb="0"/><line nr="54" mi="1" ci="0" mb="0" cb="0"/><line nr="55" mi="4" ci="0" mb="0" cb="0"/><line nr="56" mi="3" ci="0" mb="0" cb="0"/><line nr="58" mi="2" ci="0" mb="0" cb="0"/><line nr="59" mi="0" ci="1" mb="0" cb="0"/><line nr="60" mi="0" ci="1" mb="0" cb="0"/><counter type="INSTRUCTION" missed="18" covered="25"/><counter type="BRANCH" missed="0" covered="2"/><counter type="LINE" missed="7" covered="8"/><counter type="COMPLEXITY" missed="2" covered="3"/><counter type="METHOD" missed="2" covered="2"/><counter type="CLASS" missed="0" covered="1"/></sourcefile><sourcefile name="DirectExecutor.java"><line nr="24" mi="3" ci="0" mb="0" cb="0"/><line nr="27" mi="2" ci="0" mb="0" cb="0"/><line nr="28" mi="1" ci="0" mb="0" cb="0"/><counter type="INSTRUCTION" missed="6" covered="0"/><counter type="LINE" missed="3" covered="0"/><counter type="COMPLEXITY" missed="2" covered="0"/><counter type="METHOD" missed="2" covered="0"/><counter type="CLASS" missed="1" covered="0"/></sourcefile><sourcefile name="NamedThreadFactory.java"><line nr="32" mi="0" ci="6" mb="0" cb="0"/><line nr="43" mi="0" ci="5" mb="0" cb="0"/><line nr="44" mi="0" ci="1" mb="0" cb="0"/><line nr="49" mi="0" ci="2" mb="0" cb="0"/><line nr="50" mi="0" ci="2" mb="0" cb="0"/><line nr="51" mi="3" ci="6" mb="1" cb="1"/><line nr="52" mi="0" ci="10" mb="0" cb="0"/><line nr="53" mi="0" ci="3" mb="0" cb="0"/><line nr="54" mi="0" ci="3" mb="0" cb="0"/><line nr="55" mi="0" ci="1" mb="0" cb="0"/><line nr="58" mi="0" ci="19" mb="0" cb="0"/><line nr="59" mi="0" ci="4" mb="0" cb="0"/><line nr="60" mi="0" ci="4" mb="0" cb="0"/><line nr="61" mi="0" ci="2" mb="0" cb="0"/><counter type="INSTRUCTION" missed="3" covered="68"/><counter type="BRANCH" missed="1" covered="1"/><counter type="LINE" missed="0" covered="14"/><counter type="COMPLEXITY" missed="1" covered="3"/><counter type="METHOD" missed="0" covered="3"/><counter type="CLASS" missed="0" covered="1"/></sourcefile><counter type="INSTRUCTION" missed="27" covered="93"/><counter type="BRANCH" missed="1" covered="3"/><counter type="LINE" missed="10" covered="22"/><counter type="COMPLEXITY" missed="5" covered="6"/><counter type="METHOD" missed="4" covered="5"/><counter type="CLASS" missed="1" covered="2"/></package><package name="org/gbif/utils/text"><class name="org/gbif/utils/text/StringUtils" sourcefilename="StringUtils.java"><method name="foldToAscii" desc="(Ljava/lang/String;)Ljava/lang/String;" line="64"><counter type="INSTRUCTION" missed="0" covered="17"/><counter type="BRANCH" missed="0" covered="2"/><counter type="LINE" missed="0" covered="5"/><counter type="COMPLEXITY" missed="0" covered="2"/><counter type="METHOD" missed="0" covered="1"/></method><method name="thenJoin" desc="(Ljava/util/function/Function;[Ljava/lang/String;)Ljava/lang/String;" line="85"><counter type="INSTRUCTION" missed="0" covered="20"/><counter type="BRANCH" missed="0" covered="2"/><counter type="LINE" missed="0" covered="5"/><counter type="COMPLEXITY" missed="0" covered="2"/><counter type="METHOD" missed="0" covered="1"/></method><method name="replaceSpecialCases" desc="(Ljava/lang/String;)Ljava/lang/String;" line="96"><counter type="INSTRUCTION" missed="20" covered="75"/><counter type="BRANCH" missed="4" covered="13"/><counter type="LINE" missed="8" covered="26"/><counter type="COMPLEXITY" missed="4" covered="12"/><counter type="METHOD" missed="0" covered="1"/></method><method name="increase" desc="(Ljava/lang/String;)Ljava/lang/String;" line="164"><counter type="INSTRUCTION" missed="0" covered="97"/><counter type="BRANCH" missed="1" covered="19"/><counter type="LINE" missed="0" covered="31"/><counter type="COMPLEXITY" missed="1" covered="10"/><counter type="METHOD" missed="0" covered="1"/></method><method name="randomSpecies" desc="()Ljava/lang/String;" line="220"><counter type="INSTRUCTION" missed="11" covered="0"/><counter type="LINE" missed="1" covered="0"/><counter type="COMPLEXITY" missed="1" covered="0"/><counter type="METHOD" missed="1" covered="0"/></method><method name="randomGenus" desc="()Ljava/lang/String;" line="224"><counter type="INSTRUCTION" missed="9" covered="0"/><counter type="LINE" missed="1" covered="0"/><counter type="COMPLEXITY" missed="1" covered="0"/><counter type="METHOD" missed="1" covered="0"/></method><method name="randomEpithet" desc="()Ljava/lang/String;" line="228"><counter type="INSTRUCTION" missed="8" covered="0"/><counter type="LINE" missed="1" covered="0"/><counter type="COMPLEXITY" missed="1" covered="0"/><counter type="METHOD" missed="1" covered="0"/></method><method name="randomFamily" desc="()Ljava/lang/String;" line="231"><counter type="INSTRUCTION" missed="16" covered="0"/><counter type="LINE" missed="1" covered="0"/><counter type="COMPLEXITY" missed="1" covered="0"/><counter type="METHOD" missed="1" covered="0"/></method><method name="randomAuthor" desc="()Ljava/lang/String;" line="235"><counter type="INSTRUCTION" missed="9" covered="0"/><counter type="LINE" missed="1" covered="0"/><counter type="COMPLEXITY" missed="1" covered="0"/><counter type="METHOD" missed="1" covered="0"/></method><method name="randomString" desc="(I)Ljava/lang/String;" line="245"><counter type="INSTRUCTION" missed="0" covered="39"/><counter type="BRANCH" missed="0" covered="4"/><counter type="LINE" missed="0" covered="6"/><counter type="COMPLEXITY" missed="0" covered="3"/><counter type="METHOD" missed="0" covered="1"/></method><method name="randomSpeciesYear" desc="()Ljava/lang/String;" line="261"><counter type="INSTRUCTION" missed="15" covered="0"/><counter type="LINE" missed="2" covered="0"/><counter type="COMPLEXITY" missed="1" covered="0"/><counter type="METHOD" missed="1" covered="0"/></method><method name="parseInteger" desc="(Ljava/lang/String;)Ljava/lang/Integer;" line="274"><counter type="INSTRUCTION" missed="6" covered="0"/><counter type="LINE" missed="3" covered="0"/><counter type="COMPLEXITY" missed="1" covered="0"/><counter type="METHOD" missed="1" covered="0"/></method><method name="parseBoolean" desc="(Ljava/lang/String;)Ljava/lang/Boolean;" line="289"><counter type="INSTRUCTION" missed="52" covered="0"/><counter type="BRANCH" missed="20" covered="0"/><counter type="LINE" missed="6" covered="0"/><counter type="COMPLEXITY" missed="11" covered="0"/><counter type="METHOD" missed="1" covered="0"/></method><method name="unescapeUnicodeChars" desc="(Ljava/lang/String;)Ljava/lang/String;" line="321"><counter type="INSTRUCTION" missed="192" covered="0"/><counter type="BRANCH" missed="34" covered="0"/><counter type="LINE" missed="38" covered="0"/><counter type="COMPLEXITY" missed="18" covered="0"/><counter type="METHOD" missed="1" covered="0"/></method><method name="decodeUtf8Garbage" desc="(Ljava/lang/String;)Ljava/lang/String;" line="405"><counter type="INSTRUCTION" missed="1" covered="28"/><counter type="BRANCH" missed="0" covered="4"/><counter type="LINE" missed="1" covered="7"/><counter type="COMPLEXITY" missed="0" covered="3"/><counter type="METHOD" missed="0" covered="1"/></method><method name="joinIfNotNull" desc="(Ljava/lang/String;[Ljava/lang/Object;)Ljava/lang/String;" line="430"><counter type="INSTRUCTION" missed="6" covered="0"/><counter type="LINE" missed="1" covered="0"/><counter type="COMPLEXITY" missed="1" covered="0"/><counter type="METHOD" missed="1" covered="0"/></method><method name="upper" desc="(Ljava/util/Map;)Ljava/util/Map;" line="441"><counter type="INSTRUCTION" missed="35" covered="0"/><counter type="BRANCH" missed="4" covered="0"/><counter type="LINE" missed="8" covered="0"/><counter type="COMPLEXITY"
[...]
e="COMPLEXITY" missed="1" covered="0"/><counter type="METHOD" missed="1" covered="0"/></method><method name="&lt;init&gt;" desc="(Ljava/lang/String;Ljava/lang/Exception;)V" line="32"><counter type="INSTRUCTION" missed="5" covered="0"/><counter type="LINE" missed="2" covered="0"/><counter type="COMPLEXITY" missed="1" covered="0"/><counter type="METHOD" missed="1" covered="0"/></method><counter type="INSTRUCTION" missed="13" covered="0"/><counter type="LINE" missed="6" covered="0"/><counter type="COMPLEXITY" missed="3" covered="0"/><counter type="METHOD" missed="3" covered="0"/><counter type="CLASS" missed="1" covered="0"/></class><class name="org/gbif/utils/file/csv/CSVReader" sourcefilename="CSVReader.java"><method name="&lt;init&gt;" desc="(Ljava/io/File;Ljava/lang/String;Ljava/lang/String;Ljava/lang/Character;Ljava/lang/Integer;)V" line="60"><counter type="INSTRUCTION" missed="0" covered="11"/><counter type="LINE" missed="0" covered="2"/><counter type="COMPLEXITY" missed="0" covered="1"/><counter type="METHOD" missed="0" covered="1"/></method><method name="&lt;init&gt;" desc="(Ljava/io/InputStream;Ljava/lang/String;Ljava/lang/String;Ljava/lang/Character;Ljava/lang/Integer;)V" line="65"><counter type="INSTRUCTION" missed="0" covered="9"/><counter type="LINE" missed="0" covered="2"/><counter type="COMPLEXITY" missed="0" covered="1"/><counter type="METHOD" missed="0" covered="1"/></method><method name="&lt;init&gt;" desc="(Ljava/io/InputStream;Ljava/lang/String;Ljava/lang/String;Ljava/lang/Character;Ljava/lang/Integer;I)V" line="69"><counter type="INSTRUCTION" missed="9" covered="119"/><counter type="BRANCH" missed="4" covered="8"/><counter type="LINE" missed="2" covered="27"/><counter type="COMPLEXITY" missed="4" covered="3"/><counter type="METHOD" missed="0" covered="1"/></method><method name="getHeader" desc="()[Ljava/lang/String;" line="111"><counter type="INSTRUCTION" missed="3" covered="0"/><counter type="LINE" missed="1" covered="0"/><counter type="COMPLEXITY" missed="1" covered="0"/><counter type="METHOD" missed="1" covered="0"/></method><method name="close" desc="()V" line="117"><counter type="INSTRUCTION" missed="5" covered="5"/><counter type="LINE" missed="2" covered="3"/><counter type="COMPLEXITY" missed="0" covered="1"/><counter type="METHOD" missed="0" covered="1"/></method><method name="currLineNumber" desc="()I" line="127"><counter type="INSTRUCTION" missed="3" covered="0"/><counter type="LINE" missed="1" covered="0"/><counter type="COMPLEXITY" missed="1" covered="0"/><counter type="METHOD" missed="1" covered="0"/></method><method name="getEmptyLines" desc="()Ljava/util/Set;" line="134"><counter type="INSTRUCTION" missed="4" covered="7"/><counter type="BRANCH" missed="1" covered="1"/><counter type="LINE" missed="0" covered="1"/><counter type="COMPLEXITY" missed="1" covered="1"/><counter type="METHOD" missed="0" covered="1"/></method><method name="getReadRows" desc="()I" line="141"><counter type="INSTRUCTION" missed="3" covered="0"/><counter type="LINE" missed="1" covered="0"/><counter type="COMPLEXITY" missed="1" covered="0"/><counter type="METHOD" missed="1" covered="0"/></method><method name="hasNext" desc="()Z" line="150"><counter type="INSTRUCTION" missed="0" covered="7"/><counter type="BRANCH" missed="0" covered="2"/><counter type="LINE" missed="0" covered="1"/><counter type="COMPLEXITY" missed="0" covered="2"/><counter type="METHOD" missed="0" covered="1"/></method><method name="next" desc="()[Ljava/lang/String;" line="159"><counter type="INSTRUCTION" missed="48" covered="70"/><counter type="BRANCH" missed="3" covered="7"/><counter type="LINE" missed="13" covered="14"/><counter type="COMPLEXITY" missed="2" covered="4"/><counter type="METHOD" missed="0" covered="1"/></method><method name="resetReportingIterator" desc="()V" line="203"><counter type="INSTRUCTION" missed="0" covered="10"/><counter type="LINE" missed="0" covered="4"/><counter type="COMPLEXITY" missed="0" covered="1"/><counter type="METHOD" missed="0" covered="1"/></method><method name="remove" desc="()V" line="210"><counter type="INSTRUCTION" missed="5" covered="0"/><counter type="LINE" missed="1" covered="0"/><counter type="COMPLEXITY" missed="1" covered="0"/><counter type="METHOD" missed="1" covered="0"/></method><method name="hasRowError" desc="()Z" line="215"><counter type="INSTRUCTION" missed="3" covered="0"/><counter type="LINE" missed="1" covered="0"/><counter type="COMPLEXITY" missed="1" covered="0"/><counter type="METHOD" missed="1" covered="0"/></method><method name="getErrorMessage" desc="()Ljava/lang/String;" line="220"><counter type="INSTRUCTION" missed="3" covered="0"/><counter type="LINE" missed="1" covered="0"/><counter type="COMPLEXITY" missed="1" covered="0"/><counter type="METHOD" missed="1" covered="0"/></method><method name="getException" desc="()Ljava/lang/Exception;" line="225"><counter type="INSTRUCTION" missed="3" covered="0"/><counter type="LINE" missed="1" covered="0"/><counter type="COMPLEXITY" missed="1" covered="0"/><counter type="METHOD" missed="1" covered="0"/></method><method name="&lt;clinit&gt;" desc="()V" line="42"><counter type="INSTRUCTION" missed="0" covered="4"/><counter type="LINE" missed="0" covered="1"/><counter type="COMPLEXITY" missed="0" covered="1"/><counter type="METHOD" missed="0" covered="1"/></method><counter type="INSTRUCTION" missed="89" covered="242"/><counter type="BRANCH" missed="8" covered="18"/><counter type="LINE" missed="24" covered="55"/><counter type="COMPLEXITY" missed="14" covered="15"/><counter type="METHOD" missed="7" covered="9"/><counter type="CLASS" missed="0" covered="1"/></class><sourcefile name="CSVReaderFactory.java"><line nr="35" mi="3" ci="0" mb="0" cb="0"/><line nr="37" mi="0" ci="3" mb="0" cb="0"/><line nr="38" mi="0" ci="20" mb="0" cb="0"/><line nr="44" mi="0" ci="3" mb="0" cb="0"/><line nr="49" mi="0" ci="3" mb="0" cb="0"/><line nr="53" mi="0" ci="3" mb="0" cb="0"/><line nr="54" mi="0" ci="1" mb="0" cb="0"/><line nr="57" mi="0" ci="3" mb="0" cb="0"/><line nr="61" mi="0" ci="3" mb="0" cb="0"/><line nr="62" mi="0" ci="1" mb="0" cb="0"/><line nr="75" mi="15" ci="0" mb="2" cb="0"/><line nr="91" mi="0" ci="9" mb="0" cb="0"/><line nr="105" mi="10" ci="0" mb="0" cb="0"/><line nr="121" mi="9" ci="0" mb="0" cb="0"/><line nr="133" mi="0" ci="3" mb="0" cb="0"/><line nr="134" mi="0" ci="4" mb="0" cb="0"/><line nr="135" mi="0" ci="11" mb="0" cb="0"/><line nr="146" mi="0" ci="5" mb="0" cb="0"/><line nr="150" mi="9" ci="0" mb="0" cb="0"/><line nr="154" mi="6" ci="0" mb="0" cb="0"/><line nr="169" mi="0" ci="4" mb="0" cb="0"/><line nr="172" mi="0" ci="2" mb="0" cb="0"/><line nr="174" mi="0" ci="16" mb="0" cb="2"/><line nr="176" mi="0" ci="4" mb="0" cb="0"/><line nr="180" mi="0" ci="8" mb="0" cb="0"/><line nr="181" mi="0" ci="3" mb="0" cb="0"/><line nr="182" mi="0" ci="2" mb="0" cb="0"/><line nr="183" mi="0" ci="2" mb="0" cb="2"/><line nr="184" mi="0" ci="4" mb="0" cb="0"/><line nr="186" mi="1" ci="0" mb="0" cb="0"/><line nr="187" mi="0" ci="1" mb="0" cb="0"/><line nr="189" mi="0" ci="4" mb="0" cb="2"/><line nr="190" mi="0" ci="5" mb="0" cb="0"/><line nr="191" mi="0" ci="5" mb="0" cb="0"/><line nr="192" mi="0" ci="5" mb="0" cb="0"/><line nr="194" mi="0" ci="4" mb="0" cb="0"/><line nr="195" mi="0" ci="5" mb="0" cb="0"/><line nr="196" mi="0" ci="5" mb="0" cb="0"/><line nr="199" mi="0" ci="10" mb="0" cb="2"/><line nr="201" mi="0" ci="8" mb="0" cb="0"/><line nr="202" mi="0" ci="3" mb="0" cb="0"/><line nr="204" mi="0" ci="3" mb="0" cb="2"/><line nr="205" mi="0" ci="3" mb="0" cb="0"/><line nr="206" mi="0" ci="3" mb="0" cb="0"/><line nr="207" mi="0" ci="2" mb="0" cb="0"/><line nr="209" mi="0" ci="2" mb="0" cb="0"/><line nr="210" mi="1" ci="0" mb="0" cb="0"/><line nr="213" mi="0" ci="1" mb="0" cb="0"/><line nr="214" mi="0" ci="1" mb="0" cb="0"/><line nr="217" mi="0" ci="3" mb="1" cb="1"/><line nr="218" mi="5" ci="0" mb="0" cb="0"/><line nr="221" mi="0" ci="2" mb="0" cb="0"/><line nr="229" mi="0" ci="2" mb="0" cb="0"/><line nr="230" mi="0" ci="2" mb="0" cb="0"/><line nr="231" mi="0" ci="2" mb="0" cb="0"/><line nr="232" mi="0" ci="6" mb="0" cb="4"/><line nr="233" mi="0" ci="3" mb="0" cb="0"/><line nr="234" mi="0" ci="2" mb="0" cb="2"/><line nr="235" mi="0" ci="3" mb="0" cb="0"/><line nr="237" mi="0" ci="7" mb="0" cb="2"/><line nr="238" mi="0" ci="2" mb="0" cb="0"/><line nr="240" mi="0" ci="4" mb="0" cb="2"/><line nr="241" mi="0" ci="2" mb="0" cb="0"/><line nr="243" mi="0" ci="1" mb="0" cb="0"/><line nr="244" mi="0" ci="1" mb="0" cb="0"/><line nr="245" mi="0" ci="2" mb="0" cb="2"/><line nr="246" mi="0" ci="4" mb="0" cb="0"/><line nr="248" mi="0" ci="2" mb="0" cb="0"/><line nr="254" mi="0" ci="4" mb="0" cb="0"/><line nr="255" mi="0" ci="2" mb="1" cb="1"/><line nr="256" mi="5" ci="0" mb="0" cb="0"/><line nr="258" mi="1" ci="0" mb="0" cb="0"/><line nr="259" mi="5" ci="0" mb="0" cb="0"/><line nr="260" mi="0" ci="1" mb="0" cb="0"/><line nr="261" mi="0" ci="3" mb="0" cb="0"/><line nr="270" mi="0" ci="2" mb="0" cb="0"/><line nr="271" mi="0" ci="2" mb="0" cb="0"/><line nr="272" mi="0" ci="6" mb="0" cb="4"/><line nr="273" mi="0" ci="1" mb="0" cb="0"/><line nr="274" mi="0" ci="3" mb="0" cb="0"/><line nr="275" mi="0" ci="2" mb="1" cb="1"/><line nr="276" mi="0" ci="16" mb="0" cb="2"/><line nr="277" mi="0" ci="5" mb="1" cb="3"/><line nr="279" mi="0" ci="14" mb="0" cb="4"/><line nr="281" mi="0" ci="4" mb="0" cb="0"/><line nr="282" mi="0" ci="3" mb="0" cb="2"/><line nr="283" mi="0" ci="1" mb="0" cb="0"/><line nr="285" mi="0" ci="2" mb="0" cb="2"/><line nr="286" mi="0" ci="4" mb="0" cb="0"/><line nr="288" mi="0" ci="5" mb="1" cb="1"/><line nr="289" mi="2" ci="0" mb="0" cb="0"/><line nr="290" mi="1" ci="0" mb="0" cb="0"/><line nr="297" mi="0" ci="1" mb="0" cb="0"/><line nr="298" mi="0" ci="2" mb="0" cb="0"/><counter type="INSTRUCTION" missed="73" covered="320"/><counter type="BRANCH" missed="7" covered="43"/><counter type="LINE" missed="14" covered="80"/><counter type="COMPLEXITY" missed="12" covered="32"/><counter type="METHOD" missed="6" covered="13"/><counter type="CLASS" missed="0" covered="2"/></sourcefile><sourcefile name="CSVReader.java"><line nr="42" mi="0" ci="4" mb="0" cb="0"/><line nr="60" mi="0" ci="10" mb="0" cb="0"/><line nr="61" mi="0" ci="1" mb="0" cb="0"/><line nr="65" mi="0" ci="8" mb="0" cb="0"/><line nr="66" mi="0" ci="1" mb="0" cb="0"/><line nr="69" mi="0" ci="2" mb="0" cb="0"/><line nr="70" mi="0" ci="2" mb="1" cb="1"/><line nr="71" mi="0" ci="6" mb="0" cb="0"/><line nr="72" mi="0" ci="4" mb="0" cb="0"/><line nr="73" mi="0" ci="1" mb="0" cb="0"/><line nr="74" mi="3" ci="0" mb="0" cb="0"/><line nr="76" mi="0" ci="3" mb="0" cb="0"/><line nr="77" mi="0" ci="3" mb="0" cb="0"/><line nr="78" mi="0" ci="3" mb="0" cb="0"/><line nr="79" mi="0" ci="3" mb="0" cb="0"/><line nr="80" mi="0" ci="3" mb="0" cb="0"/><line nr="81" mi="2" ci="9" mb="2" cb="2"/><line nr="82" mi="0" ci="5" mb="0" cb="0"/><line nr="83" mi="0" ci="5" mb="0" cb="0"/><line nr="84" mi="0" ci="2" mb="0" cb="2"/><line nr="85" mi="0" ci="6" mb="0" cb="0"/><line nr="87" mi="0" ci="5" mb="0" cb="0"/><line nr="88" mi="0" ci="4" mb="0" cb="0"/><line nr="89" mi="0" ci="6" mb="0" cb="0"/><line nr="90" mi="0" ci="6" mb="0" cb="0"/><line nr="91" mi="0" ci="5" mb="0" cb="0"/><line nr="93" mi="0" ci="3" mb="1" cb="1"/><line nr="94" mi="4" ci="0" mb="0" cb="0"/><line nr="96" mi="0" ci="6" mb="0" cb="0"/><line nr="97" mi="0" ci="5" mb="0" cb="0"/><line nr="100" mi="0" ci="3" mb="0" cb="2"/><line nr="101" mi="0" ci="12" mb="0" cb="0"/><line nr="102" mi="0" ci="6" mb="0" cb="0"/><line nr="104" mi="0" ci="1" mb="0" cb="0"/><line nr="111" mi="3" ci="0" mb="0" cb="0"/><line nr="117" mi="0" ci="3" mb="0" cb="0"/><line nr="118" mi="1" ci="0" mb="0" cb="0"/><line nr="119" mi="4" ci="0" mb="0" cb="0"/><line nr="120" mi="0" ci="1" mb="0" cb="0"/><line nr="121" mi="0" ci="1" mb="0" cb="0"/><line nr="127" mi="3" ci="0" mb="0" cb="0"/><line nr="134" mi="4" ci="7" mb="1" cb="1"/><line nr="141" mi="3" ci="0" mb="0" cb="0"/><line nr="150" mi="0" ci="7" mb="0" cb="2"/><line nr="159" mi="0" ci="3" mb="0" cb="2"/><line nr="160" mi="0" ci="2" mb="0" cb="0"/><line nr="162" mi="0" ci="6" mb="0" cb="0"/><line nr="163" mi="0" ci="2" mb="0" cb="0"/><line nr="165" mi="0" ci="5" mb="0" cb="0"/><line nr="166" mi="0" ci="6" mb="0" cb="0"/><line nr="168" mi="0" ci="7" mb="0" cb="4"/><line nr="170" mi="0" ci="3" mb="1" cb="1"/><line nr="171" mi="0" ci="13" mb="0" cb="0"/><line nr="173" mi="0" ci="5" mb="0" cb="0"/><line nr="174" mi="0" ci="7" mb="0" cb="0"/><line nr="176" mi="0" ci="6" mb="0" cb="0"/><line nr="177" mi="1" ci="0" mb="0" cb="0"/><line nr="178" mi="4" ci="0" mb="0" cb="0"/><line nr="179" mi="3" ci="0" mb="0" cb="0"/><line nr="180" mi="3" ci="0" mb="0" cb="0"/><line nr="183" mi="4" ci="0" mb="0" cb="0"/><line nr="184" mi="4" ci="0" mb="0" cb="0"/><line nr="185" mi="5" ci="0" mb="0" cb="0"/><line nr="186" mi="4" ci="0" mb="2" cb="0"/><line nr="187" mi="4" ci="0" mb="0" cb="0"/><line nr="188" mi="4" ci="0" mb="0" cb="0"/><line nr="189" mi="5" ci="0" mb="0" cb="0"/><line nr="191" mi="4" ci="0" mb="0" cb="0"/><line nr="194" mi="3" ci="0" mb="0" cb="0"/><line nr="195" mi="0" ci="1" mb="0" cb="0"/><line nr="196" mi="0" ci="4" mb="0" cb="0"/><line nr="203" mi="0" ci="3" mb="0" cb="0"/><line nr="204" mi="0" ci="3" mb="0" cb="0"/><line nr="205" mi="0" ci="3" mb="0" cb="0"/><line nr="206" mi="0" ci="1" mb="0" cb="0"/><line nr="210" mi="5" ci="0" mb="0" cb="0"/><line nr="215" mi="3" ci="0" mb="0" cb="0"/><line nr="220" mi="3" ci="0" mb="0" cb="0"/><line nr="225" mi="3" ci="0" mb="0" cb="0"/><counter type="INSTRUCTION" missed="89" covered="242"/><counter type="BRANCH" missed="8" covered="18"/><counter type="LINE" missed="24" covered="55"/><counter type="COMPLEXITY" missed="14" covered="15"/><counter type="METHOD" missed="7" covered="9"/><counter type="CLASS" missed="0" covered="1"/></sourcefile><sourcefile name="UnknownDelimitersException.java"><line nr="24" mi="3" ci="0" mb="0" cb="0"/><line nr="25" mi="1" ci="0" mb="0" cb="0"/><line nr="28" mi="3" ci="0" mb="0" cb="0"/><line nr="29" mi="1" ci="0" mb="0" cb="0"/><line nr="32" mi="4" ci="0" mb="0" cb="0"/><line nr="33" mi="1" ci="0" mb="0" cb="0"/><counter type="INSTRUCTION" missed="13" covered="0"/><counter type="LINE" missed="6" covered="0"/><counter type="COMPLEXITY" missed="3" covered="0"/><counter type="METHOD" missed="3" covered="0"/><counter type="CLASS" missed="1" covered="0"/></sourcefile><counter type="INSTRUCTION" missed="175" covered="562"/><counter type="BRANCH" missed="15" covered="61"/><counter type="LINE" missed="44" covered="135"/><counter type="COMPLEXITY" missed="29" covered="47"/><counter type="METHOD" missed="16" covered="22"/><counter type="CLASS" missed="1" covered="3"/></package><package name="org/gbif/utils"><class name="org/gbif/utils/ObjectUtils" sourcefilename="ObjectUtils.java"><method name="coalesce" desc="([Ljava/lang/Object;)Ljava/lang/Object;" line="37"><counter type="INSTRUCTION" missed="0" covered="24"/><counter type="BRANCH" missed="1" covered="5"/><counter type="LINE" missed="0" covered="3"/><counter type="COMPLEXITY" missed="1" covered="3"/><counter type="METHOD" missed="0" covered="1"/></method><method name="coalesce" desc="(Ljava/lang/Iterable;)Ljava/lang/Object;" line="44"><counter type="INSTRUCTION" missed="0" covered="18"/><counter type="BRANCH" missed="0" covered="6"/><counter type="LINE" missed="0" covered="3"/><counter type="COMPLEXITY" missed="0" covered="4"/><counter type="METHOD" missed="0" covered="1"/></method><counter type="INSTRUCTION" missed="0" covered="42"/><counter type="BRANCH" missed="1" covered="11"/><counter type="LINE" missed="0" covered="6"/><counter type="COMPLEXITY" missed="1" covered="7"/><counter type="METHOD" missed="0" covered="2"/><counter type="CLASS" missed="0" covered="1"/></class><class name="org/gbif/utils/AnnotationUtils" sourcefilename="AnnotationUtils.java"><method name="&lt;init&gt;" desc="()V" line="24"><counter type="INSTRUCTION" missed="3" covered="0"/><counter type="LINE" missed="1" covered="0"/><counter type="COMPLEXITY" missed="1" covered="0"/><counter type="METHOD" missed="1" covered="0"/></method><method name="isFieldDeprecated" desc="(Ljava/lang/Class;Ljava/lang/String;)Z" line="37"><counter type="INSTRUCTION" missed="0" covered="14"/><counter type="LINE" missed="0" covered="5"/><counter type="COMPLEXITY" missed="0" covered="1"/><counter type="METHOD" missed="0" covered="1"/></method><counter type="INSTRUCTION" missed="3" covered="14"/><counter type="LINE" missed="1" covered="5"/><counter type="COMPLEXITY" missed="1" covered="1"/><counter type="METHOD" missed="1" covered="1"/><counter type="CLASS" missed="0" covered="1"/></class><class name="org/gbif/utils/HumanSize" sourcefilename="HumanSize.java"><method name="&lt;init&gt;" desc="()V" line="19"><counter type="INSTRUCTION" missed="3" covered="0"/><counter type="LINE" missed="1" covered="0"/><counter type="COMPLEXITY" missed="1" covered="0"/><counter type="METHOD" missed="1" covered="0"/></method><method name="bytes" desc="(J)Ljava/lang/String;" line="23"><counter type="INSTRUCTION" missed="48" covered="0"/><counter type="BRANCH" missed="2" covered="0"/><counter type="LINE" missed="4" covered="0"/><counter type="COMPLEXITY" missed="2" covered="0"/><counter type="METHOD" missed="1" covered="0"/></method><counter type="INSTRUCTION" missed="51" covered="0"/><counter type="BRANCH" missed="2" covered="0"/><counter type="LINE" missed="5" covered="0"/><counter type="COMPLEXITY" missed="3" covered="0"/><counter type="METHOD" missed="2" covered="0"/><counter type="CLASS" missed="1" covered="0"/></class><sourcefile name="ObjectUtils.java"><line nr="37" mi="0" ci="2" mb="1" cb="1"/><line nr="38" mi="0" ci="20" mb="0" cb="4"/><line nr="40" mi="0" ci="2" mb="0" cb="0"/><line nr="44" mi="0" ci="2" mb="0" cb="2"/><line nr="45" mi="0" ci="14" mb="0" cb="4"/><line nr="47" mi="0" ci="2" mb="0" cb="0"/><counter type="INSTRUCTION" missed="0" covered="42"/><counter type="BRANCH" missed="1" covered="11"/><counter type="LINE" missed="0" covered="6"/><counter type="COMPLEXITY" missed="1" covered="7"/><counter type="METHOD" missed="0" covered="2"/><counter type="CLASS" missed="0" covered="1"/></sourcefile><sourcefile name="HumanSize.java"><line nr="19" mi="3" ci="0" mb="0" cb="0"/><line nr="23" mi="13" ci="0" mb="2" cb="0"/><line nr="24" mi="8" ci="0" mb="0" cb="0"/><line nr="25" mi="6" ci="0" mb="0" cb="0"/><line nr="26" mi="21" ci="0" mb="0" cb="0"/><counter type="INSTRUCTION" missed="51" covered="0"/><counter type="BRANCH" missed="2" covered="0"/><counter type="LINE" missed="5" covered="0"/><counter type="COMPLEXITY" missed="3" covered="0"/><counter type="METHOD" missed="2" covered="0"/><counter type="CLASS" missed="1" covered="0"/></sourcefile><sourcefile name="AnnotationUtils.java"><line nr="24" mi="3" ci="0" mb="0" cb="0"/><line nr="37" mi="0" ci="4" mb="0" cb="0"/><line nr="38" mi="0" ci="3" mb="0" cb="0"/><line nr="39" mi="0" ci="4" mb="0" cb="0"/><line nr="40" mi="0" ci="1" mb="0" cb="0"/><line nr="41" mi="0" ci="2" mb="0" cb="0"/><counter type="INSTRUCTION" missed="3" covered="14"/><counter type="LINE" missed="1" covered="5"/><counter type="COMPLEXITY" missed="1" covered="1"/><counter type="METHOD" missed="1" covered="1"/><counter type="CLASS" missed="0" covered="1"/></sourcefile><counter type="INSTRUCTION" missed="54" covered="56"/><counter type="BRANCH" missed="3" covered="11"/><counter type="LINE" missed="6" covered="11"/><counter type="COMPLEXITY" missed="5" covered="8"/><counter type="METHOD" missed="3" covered="3"/><counter type="CLASS" missed="1" covered="2"/></package><counter type="INSTRUCTION" missed="3468" covered="4897"/><counter type="BRANCH" missed="438" covered="473"/><counter type="LINE" missed="741" covered="1120"/><counter type="COMPLEXITY" missed="393" covered="378"/><counter type="METHOD" missed="129" covered="180"/><counter type="CLASS" missed="12" covered="31"/></report>